Homepage was accessed at 2024-02-01 12:45:03.768207 hours!
Homepage was accessed at 2024-02-01 12:45:13.229653 hours!
Homepage was accessed at 2024-02-01 12:56:30.535802 hours!
Homepage was accessed at 2024-02-01 12:56:38.487533 hours!
Internal Server Error: /login/
Traceback (most recent call last):
  File "C:\Users\Alice\anaconda3\Lib\site-packages\django\core\handlers\exception.py", line 55, in inner
    response = get_response(request)
               ^^^^^^^^^^^^^^^^^^^^^
  File "C:\Users\Alice\anaconda3\Lib\site-packages\django\core\handlers\base.py", line 197, in _get_response
    response = wrapped_callback(request, *callback_args, **callback_kwargs)
               ^^^^^^^^^^^^^^^^^^^^^^^^^^^^^^^^^^^^^^^^^^^^^^^^^^^^^^^^^^^^
  File "F:\2024\pythonWork\blockchain\eadmin\views.py", line 15, in login
    email = form.cleaned_data['email']
            ^^^^^^^^^^^^^^^^^
AttributeError: 'LoginParticpantForm' object has no attribute 'cleaned_data'
Not Found: /favicon.ico
Internal Server Error: /login/
Traceback (most recent call last):
  File "E:\python_anaconda\Lib\site-packages\django\core\handlers\exception.py", line 55, in inner
    response = get_response(request)
               ^^^^^^^^^^^^^^^^^^^^^
  File "E:\python_anaconda\Lib\site-packages\django\core\handlers\base.py", line 197, in _get_response
    response = wrapped_callback(request, *callback_args, **callback_kwargs)
               ^^^^^^^^^^^^^^^^^^^^^^^^^^^^^^^^^^^^^^^^^^^^^^^^^^^^^^^^^^^^
  File "E:\Binu\Django Project\blockchain\eadmin\views.py", line 15, in login
    email = form.cleaned_data['email']
            ^^^^^^^^^^^^^^^^^
AttributeError: 'LoginParticpantForm' object has no attribute 'cleaned_data'
login page was accessed at 2024-02-01 11:01:27.916718 hours!kavitha@gmail.com,kavitha
Internal Server Error: /login/
Traceback (most recent call last):
  File "E:\python_anaconda\Lib\site-packages\django\core\handlers\exception.py", line 55, in inner
    response = get_response(request)
               ^^^^^^^^^^^^^^^^^^^^^
  File "E:\python_anaconda\Lib\site-packages\django\core\handlers\base.py", line 197, in _get_response
    response = wrapped_callback(request, *callback_args, **callback_kwargs)
               ^^^^^^^^^^^^^^^^^^^^^^^^^^^^^^^^^^^^^^^^^^^^^^^^^^^^^^^^^^^^
  File "E:\Binu\Django Project\blockchain\eadmin\views.py", line 21, in login
    logger.warning('login page was accessed at '+str(datetime.datetime.now())+' hours!'+email+','+userid)
                   ~~~~~~~~~~~~~~~~~~~~~~~~~~~~~~~~~~~~~~~~~~~~~~~~~~~~~~~~~~~~~~~~~~~~~~~~~~~~~~^~~~~~~
TypeError: can only concatenate str (not "int") to str
login page was accessed at 2024-02-01 11:08:06.758130 hours!kavitha@gmail.com,5
Internal Server Error: /login/
Traceback (most recent call last):
  File "E:\python_anaconda\Lib\site-packages\django\core\handlers\exception.py", line 55, in inner
    response = get_response(request)
               ^^^^^^^^^^^^^^^^^^^^^
  File "E:\python_anaconda\Lib\site-packages\django\core\handlers\base.py", line 197, in _get_response
    response = wrapped_callback(request, *callback_args, **callback_kwargs)
               ^^^^^^^^^^^^^^^^^^^^^^^^^^^^^^^^^^^^^^^^^^^^^^^^^^^^^^^^^^^^
  File "E:\Binu\Django Project\blockchain\eadmin\views.py", line 22, in login
    logger.warning('login page was accessed at '+str(datetime.datetime.now())+' hours!'+email+','+str(userid))
                                                                                                      ^^^^^^
NameError: name 'unedserid' is not defi
5
5
5
5
5
Internal Server Error: /bid_details/
Traceback (most recent call last):
  File "E:\python_anaconda\Lib\site-packages\django\core\handlers\exception.py", line 55, in inner
    response = get_response(request)
               ^^^^^^^^^^^^^^^^^^^^^
  File "E:\python_anaconda\Lib\site-packages\django\core\handlers\base.py", line 197, in _get_response
    response = wrapped_callback(request, *callback_args, **callback_kwargs)
               ^^^^^^^^^^^^^^^^^^^^^^^^^^^^^^^^^^^^^^^^^^^^^^^^^^^^^^^^^^^^
  File "E:\Binu\Django Project\blockchain\eadmin\views.py", line 45, in bid_details
    return render(request,"bid_details.html")
           ^^^^^^^^^^^^^^^^^^^^^^^^^^^^^^^^^^
  File "E:\python_anaconda\Lib\site-packages\django\shortcuts.py", line 24, in render
    content = loader.render_to_string(template_name, context, request, using=using)
              ^^^^^^^^^^^^^^^^^^^^^^^^^^^^^^^^^^^^^^^^^^^^^^^^^^^^^^^^^^^^^^^^^^^^^
  File "E:\python_anaconda\Lib\site-packages\django\template\loader.py", line 61, in render_to_string
    template = get_template(template_name, using=using)
               ^^^^^^^^^^^^^^^^^^^^^^^^^^^^^^^^^^^^^^^^
  File "E:\python_anaconda\Lib\site-packages\django\template\loader.py", line 19, in get_template
    raise TemplateDoesNotExist(template_name, chain=chain)
django.template.exceptions.TemplateDoesNotExist: bid_details.html
5
5
5
Internal Server Error: /bid_details/
Traceback (most recent call last):
  File "E:\python_anaconda\Lib\site-packages\django\core\handlers\exception.py", line 55, in inner
    response = get_response(request)
               ^^^^^^^^^^^^^^^^^^^^^
  File "E:\python_anaconda\Lib\site-packages\django\core\handlers\base.py", line 197, in _get_response
    response = wrapped_callback(request, *callback_args, **callback_kwargs)
               ^^^^^^^^^^^^^^^^^^^^^^^^^^^^^^^^^^^^^^^^^^^^^^^^^^^^^^^^^^^^
  File "E:\Binu\Django Project\blockchain\eadmin\views.py", line 45, in bid_details
    return render(request,"bid_details.html")
           ^^^^^^^^^^^^^^^^^^^^^^^^^^^^^^^^^^
  File "E:\python_anaconda\Lib\site-packages\django\shortcuts.py", line 24, in render
    content = loader.render_to_string(template_name, context, request, using=using)
              ^^^^^^^^^^^^^^^^^^^^^^^^^^^^^^^^^^^^^^^^^^^^^^^^^^^^^^^^^^^^^^^^^^^^^
  File "E:\python_anaconda\Lib\site-packages\django\template\loader.py", line 61, in render_to_string
    template = get_template(template_name, using=using)
               ^^^^^^^^^^^^^^^^^^^^^^^^^^^^^^^^^^^^^^^^
  File "E:\python_anaconda\Lib\site-packages\django\template\loader.py", line 19, in get_template
    raise TemplateDoesNotExist(template_name, chain=chain)
django.template.exceptions.TemplateDoesNotExist: bid_details.html
4
5
5
Not Found: /favicon.ico
5
Not Found: /favicon.ico
5
5
5
5
5
5
Internal Server Error: /dashboard/
Traceback (most recent call last):
  File "E:\python_anaconda\Lib\site-packages\django\core\handlers\exception.py", line 55, in inner
    response = get_response(request)
               ^^^^^^^^^^^^^^^^^^^^^
  File "E:\python_anaconda\Lib\site-packages\django\core\handlers\base.py", line 197, in _get_response
    response = wrapped_callback(request, *callback_args, **callback_kwargs)
               ^^^^^^^^^^^^^^^^^^^^^^^^^^^^^^^^^^^^^^^^^^^^^^^^^^^^^^^^^^^^
  File "E:\Binu\Django Project\blockchain\eadmin\views.py", line 44, in dashboard
    logger.warning(tenders.title)
                ^^^^^^^^^^^^^
AttributeError: 'QuerySet' object has no attribute 'title'
5
['House Finance', 'Mouse', 'Job Tender']
Internal Server Error: /dashboard/
Traceback (most recent call last):
  File "E:\python_anaconda\Lib\site-packages\django\core\handlers\exception.py", line 55, in inner
    response = get_response(request)
               ^^^^^^^^^^^^^^^^^^^^^
  File "E:\python_anaconda\Lib\site-packages\django\core\handlers\base.py", line 197, in _get_response
    response = wrapped_callback(request, *callback_args, **callback_kwargs)
               ^^^^^^^^^^^^^^^^^^^^^^^^^^^^^^^^^^^^^^^^^^^^^^^^^^^^^^^^^^^^
  File "E:\Binu\Django Project\blockchain\eadmin\views.py", line 46, in dashboard
    logger.warning(tenders.title)
                ^^^^^^^^^^^^^
AttributeError: 'QuerySet' object has no attribute 'title'
5
Internal Server Error: /dashboard/
Traceback (most recent call last):
  File "E:\python_anaconda\Lib\site-packages\django\core\handlers\exception.py", line 55, in inner
    response = get_response(request)
               ^^^^^^^^^^^^^^^^^^^^^
  File "E:\python_anaconda\Lib\site-packages\django\core\handlers\base.py", line 197, in _get_response
    response = wrapped_callback(request, *callback_args, **callback_kwargs)
               ^^^^^^^^^^^^^^^^^^^^^^^^^^^^^^^^^^^^^^^^^^^^^^^^^^^^^^^^^^^^
  File "E:\Binu\Django Project\blockchain\eadmin\views.py", line 44, in dashboard
    if tender_list:
       ^^^^^^^^^^^
NameError: name 'tender_list' is not defined
5
Internal Server Error: /dashboard/
Traceback (most recent call last):
  File "E:\python_anaconda\Lib\site-packages\django\core\handlers\exception.py", line 55, in inner
    response = get_response(request)
               ^^^^^^^^^^^^^^^^^^^^^
  File "E:\python_anaconda\Lib\site-packages\django\core\handlers\base.py", line 197, in _get_response
    response = wrapped_callback(request, *callback_args, **callback_kwargs)
               ^^^^^^^^^^^^^^^^^^^^^^^^^^^^^^^^^^^^^^^^^^^^^^^^^^^^^^^^^^^^
  File "E:\Binu\Django Project\blockchain\eadmin\views.py", line 44, in dashboard
    if tender_list:
       ^^^^^^^^^^^
NameError: name 'tender_list' is not defined
5
Tenders: <QuerySet [<tender: tender object (1)>, <tender: tender object (2)>, <tender: tender object (3)>]>
5
Tenders: <QuerySet [<tender: tender object (1)>, <tender: tender object (2)>, <tender: tender object (3)>]>
5
Tenders: <QuerySet [<tender: tender object (4)>, <tender: tender object (6)>]>
5
Tenders: <QuerySet [<tender: tender object (4)>, <tender: tender object (6)>]>
5
Tenders: <QuerySet [<tender: tender object (4)>, <tender: tender object (6)>]>
Internal Server Error: /viewBidDetails/4/
Traceback (most recent call last):
  File "E:\python_anaconda\Lib\site-packages\django\core\handlers\exception.py", line 55, in inner
    response = get_response(request)
               ^^^^^^^^^^^^^^^^^^^^^
  File "E:\python_anaconda\Lib\site-packages\django\core\handlers\base.py", line 197, in _get_response
    response = wrapped_callback(request, *callback_args, **callback_kwargs)
               ^^^^^^^^^^^^^^^^^^^^^^^^^^^^^^^^^^^^^^^^^^^^^^^^^^^^^^^^^^^^
TypeError: getBidDetails() got an unexpected keyword argument 'tender_id'
Internal Server Error: /viewBidDetails/4/
Traceback (most recent call last):
  File "E:\python_anaconda\Lib\site-packages\django\core\handlers\exception.py", line 55, in inner
    response = get_response(request)
               ^^^^^^^^^^^^^^^^^^^^^
  File "E:\python_anaconda\Lib\site-packages\django\core\handlers\base.py", line 197, in _get_response
    response = wrapped_callback(request, *callback_args, **callback_kwargs)
               ^^^^^^^^^^^^^^^^^^^^^^^^^^^^^^^^^^^^^^^^^^^^^^^^^^^^^^^^^^^^
  File "E:\Binu\Django Project\blockchain\eadmin\views.py", line 56, in getBidDetails
    tender=tender.objects.get(pk=tender_id)
           ^^^^^^
UnboundLocalError: cannot access local variable 'tender' where it is not associated with a value
Internal Server Error: /viewBidDetails/4/
Traceback (most recent call last):
  File "E:\python_anaconda\Lib\site-packages\django\core\handlers\exception.py", line 55, in inner
    response = get_response(request)
               ^^^^^^^^^^^^^^^^^^^^^
  File "E:\python_anaconda\Lib\site-packages\django\core\handlers\base.py", line 197, in _get_response
    response = wrapped_callback(request, *callback_args, **callback_kwargs)
               ^^^^^^^^^^^^^^^^^^^^^^^^^^^^^^^^^^^^^^^^^^^^^^^^^^^^^^^^^^^^
  File "E:\Binu\Django Project\blockchain\eadmin\views.py", line 56, in getBidDetails
    tender=tender.objects.get(pk=tender_id)
           ^^^^^^
UnboundLocalError: cannot access local variable 'tender' where it is not associated with a value
Not Found: /favicon.ico
5
Tenders: <QuerySet [<tender: tender object (4)>, <tender: tender object (6)>]>
tender:tender object (4)
tender:tender object (4)
Internal Server Error: /viewBidDetails/4/
Traceback (most recent call last):
  File "E:\python_anaconda\Lib\site-packages\django\template\base.py", line 502, in parse
    compile_func = self.tags[command]
                   ~~~~~~~~~^^^^^^^^^
KeyError: 'tenderDetails.title'

During handling of the above exception, another exception occurred:

Traceback (most recent call last):
  File "E:\python_anaconda\Lib\site-packages\django\core\handlers\exception.py", line 55, in inner
    response = get_response(request)
               ^^^^^^^^^^^^^^^^^^^^^
  File "E:\python_anaconda\Lib\site-packages\django\core\handlers\base.py", line 197, in _get_response
    response = wrapped_callback(request, *callback_args, **callback_kwargs)
               ^^^^^^^^^^^^^^^^^^^^^^^^^^^^^^^^^^^^^^^^^^^^^^^^^^^^^^^^^^^^
  File "E:\Binu\Django Project\blockchain\eadmin\views.py", line 58, in getBidDetails
    return render(request,'e-participant/tenderDetails.html',{'tenderDetails':tenders})
           ^^^^^^^^^^^^^^^^^^^^^^^^^^^^^^^^^^^^^^^^^^^^^^^^^^^^^^^^^^^^^^^^^^^^^^^^^^^^
  File "E:\python_anaconda\Lib\site-packages\django\shortcuts.py", line 24, in render
    content = loader.render_to_string(template_name, context, request, using=using)
              ^^^^^^^^^^^^^^^^^^^^^^^^^^^^^^^^^^^^^^^^^^^^^^^^^^^^^^^^^^^^^^^^^^^^^
  File "E:\python_anaconda\Lib\site-packages\django\template\loader.py", line 61, in render_to_string
    template = get_template(template_name, using=using)
               ^^^^^^^^^^^^^^^^^^^^^^^^^^^^^^^^^^^^^^^^
  File "E:\python_anaconda\Lib\site-packages\django\template\loader.py", line 15, in get_template
    return engine.get_template(template_name)
           ^^^^^^^^^^^^^^^^^^^^^^^^^^^^^^^^^^
  File "E:\python_anaconda\Lib\site-packages\django\template\backends\django.py", line 33, in get_template
    return Template(self.engine.get_template(template_name), self)
                    ^^^^^^^^^^^^^^^^^^^^^^^^^^^^^^^^^^^^^^^
  File "E:\python_anaconda\Lib\site-packages\django\template\engine.py", line 175, in get_template
    template, origin = self.find_template(template_name)
                       ^^^^^^^^^^^^^^^^^^^^^^^^^^^^^^^^^
  File "E:\python_anaconda\Lib\site-packages\django\template\engine.py", line 157, in find_template
    template = loader.get_template(name, skip=skip)
               ^^^^^^^^^^^^^^^^^^^^^^^^^^^^^^^^^^^^
  File "E:\python_anaconda\Lib\site-packages\django\template\loaders\cached.py", line 57, in get_template
    template = super().get_template(template_name, skip)
               ^^^^^^^^^^^^^^^^^^^^^^^^^^^^^^^^^^^^^^^^^
  File "E:\python_anaconda\Lib\site-packages\django\template\loaders\base.py", line 28, in get_template
    return Template(
           ^^^^^^^^^
  File "E:\python_anaconda\Lib\site-packages\django\template\base.py", line 154, in __init__
    self.nodelist = self.compile_nodelist()
                    ^^^^^^^^^^^^^^^^^^^^^^^
  File "E:\python_anaconda\Lib\site-packages\django\template\base.py", line 196, in compile_nodelist
    return parser.parse()
           ^^^^^^^^^^^^^^
  File "E:\python_anaconda\Lib\site-packages\django\template\base.py", line 510, in parse
    raise self.error(token, e)
  File "E:\python_anaconda\Lib\site-packages\django\template\base.py", line 508, in parse
    compiled_result = compile_func(self, token)
                      ^^^^^^^^^^^^^^^^^^^^^^^^^
  File "E:\python_anaconda\Lib\site-packages\django\template\loader_tags.py", line 295, in do_extends
    nodelist = parser.parse()
               ^^^^^^^^^^^^^^
  File "E:\python_anaconda\Lib\site-packages\django\template\base.py", line 510, in parse
    raise self.error(token, e)
  File "E:\python_anaconda\Lib\site-packages\django\template\base.py", line 508, in parse
    compiled_result = compile_func(self, token)
                      ^^^^^^^^^^^^^^^^^^^^^^^^^
  File "E:\python_anaconda\Lib\site-packages\django\template\loader_tags.py", line 234, in do_block
    nodelist = parser.parse(("endblock",))
               ^^^^^^^^^^^^^^^^^^^^^^^^^^^
  File "E:\python_anaconda\Lib\site-packages\django\template\base.py", line 504, in parse
    self.invalid_block_tag(token, command, parse_until)
  File "E:\python_anaconda\Lib\site-packages\django\template\base.py", line 555, in invalid_block_tag
    raise self.error(
django.template.exceptions.TemplateSyntaxError: Invalid block tag on line 5: 'tenderDetails.title', expected 'endblock'. Did you forget to register or load this tag?
tender:tender object (4)
Not Found: /favicon.ico
5
Tenders: <QuerySet [<tender: tender object (4)>, <tender: tender object (6)>]>
tender:tender object (6)
tender:tender object (6)
5
Tenders: <QuerySet [<tender: tender object (4)>, <tender: tender object (6)>, <tender: tender object (7)>]>
tender:tender object (7)
tender:tender object (7)
tender:tender object (7)
Not Found: /favicon.ico
5
Tenders: <QuerySet [<tender: tender object (4)>, <tender: tender object (6)>, <tender: tender object (7)>]>
tender:tender object (4)
Not Found: /favicon.ico
5
Tenders: <QuerySet [<tender: tender object (4)>, <tender: tender object (6)>, <tender: tender object (7)>]>
5
Tenders: <QuerySet [<tender: tender object (4)>, <tender: tender object (6)>, <tender: tender object (7)>]>
5
Tenders: <QuerySet [<tender: tender object (4)>, <tender: tender object (6)>, <tender: tender object (7)>]>
5
Tenders: <QuerySet [<tender: tender object (4)>, <tender: tender object (6)>, <tender: tender object (7)>]>
tender:tender object (7)
5
Tenders: <QuerySet [<tender: tender object (4)>, <tender: tender object (6)>, <tender: tender object (7)>]>
tender:tender object (7)
tender:tender object (4)
tender:tender object (6)
tender:tender object (7)
tender:tender object (7)
tender:tender object (7)
tender:tender object (7)
tender:tender object (7)
tender:tender object (7)
tender:tender object (7)
Forbidden (CSRF token missing.): /newCotation/
tender:tender object (7)
Forbidden (CSRF token missing.): /newCotation/
tender:tender object (7)
tender:tender object (7)
Internal Server Error: /newCotation/
Traceback (most recent call last):
  File "E:\python_anaconda\Lib\site-packages\django\core\handlers\exception.py", line 55, in inner
    response = get_response(request)
               ^^^^^^^^^^^^^^^^^^^^^
  File "E:\python_anaconda\Lib\site-packages\django\core\handlers\base.py", line 204, in _get_response
    self.check_response(response, callback)
  File "E:\python_anaconda\Lib\site-packages\django\core\handlers\base.py", line 332, in check_response
    raise ValueError(
ValueError: The view eadmin.views.newCotation didn't return an HttpResponse object. It returned None instead.
Internal Server Error: /newCotation/
Traceback (most recent call last):
  File "E:\python_anaconda\Lib\site-packages\django\core\handlers\exception.py", line 55, in inner
    response = get_response(request)
               ^^^^^^^^^^^^^^^^^^^^^
  File "E:\python_anaconda\Lib\site-packages\django\core\handlers\base.py", line 204, in _get_response
    self.check_response(response, callback)
  File "E:\python_anaconda\Lib\site-packages\django\core\handlers\base.py", line 332, in check_response
    raise ValueError(
ValueError: The view eadmin.views.newCotation didn't return an HttpResponse object. It returned None instead.
Internal Server Error: /newCotation/
Traceback (most recent call last):
  File "E:\python_anaconda\Lib\site-packages\django\core\handlers\exception.py", line 55, in inner
    response = get_response(request)
               ^^^^^^^^^^^^^^^^^^^^^
  File "E:\python_anaconda\Lib\site-packages\django\core\handlers\base.py", line 204, in _get_response
    self.check_response(response, callback)
  File "E:\python_anaconda\Lib\site-packages\django\core\handlers\base.py", line 332, in check_response
    raise ValueError(
ValueError: The view eadmin.views.newCotation didn't return an HttpResponse object. It returned None instead.
5
Tenders: <QuerySet [<tender: tender object (4)>, <tender: tender object (6)>, <tender: tender object (7)>]>
tender:tender object (7)
5
Tenders: <QuerySet [<tender: tender object (4)>, <tender: tender object (6)>, <tender: tender object (7)>]>
tender:tender object (7)
Internal Server Error: /newCotation/
Traceback (most recent call last):
  File "E:\python_anaconda\Lib\site-packages\django\core\handlers\exception.py", line 55, in inner
    response = get_response(request)
               ^^^^^^^^^^^^^^^^^^^^^
  File "E:\python_anaconda\Lib\site-packages\django\core\handlers\base.py", line 197, in _get_response
    response = wrapped_callback(request, *callback_args, **callback_kwargs)
               ^^^^^^^^^^^^^^^^^^^^^^^^^^^^^^^^^^^^^^^^^^^^^^^^^^^^^^^^^^^^
  File "E:\Binu\Django Project\blockchain\eadmin\views.py", line 74, in newCotation
    encoded_data = encoder_decoder.encode_data({'userid': userId, 'transaction': cotedAmount}, secret_key)
                   ^^^^^^^^^^^^^^^^^^^^^^^^^^^^^^^^^^^^^^^^^^^^^^^^^^^^^^^^^^^^^^^^^^^^^^^^^^^^^^^^^^^^^^^
TypeError: HmacEncoderDecoder.encode_data() takes 2 positional arguments but 3 were given
tender:tender object (7)
tender:tender object (7)
Internal Server Error: /newCotation/
Traceback (most recent call last):
  File "E:\python_anaconda\Lib\site-packages\django\core\handlers\exception.py", line 55, in inner
    response = get_response(request)
               ^^^^^^^^^^^^^^^^^^^^^
  File "E:\python_anaconda\Lib\site-packages\django\core\handlers\base.py", line 197, in _get_response
    response = wrapped_callback(request, *callback_args, **callback_kwargs)
               ^^^^^^^^^^^^^^^^^^^^^^^^^^^^^^^^^^^^^^^^^^^^^^^^^^^^^^^^^^^^
  File "E:\Binu\Django Project\blockchain\eadmin\views.py", line 79, in newCotation
    decoded_data = decode_data(encoded_data, secret_key)
                   ^^^^^^^^^^^
NameError: name 'decode_data' is not defined
tender:tender object (7)
5
Tenders: <QuerySet [<tender: tender object (4)>, <tender: tender object (6)>, <tender: tender object (7)>]>
tender:tender object (7)
Internal Server Error: /newCotation/
Traceback (most recent call last):
  File "E:\python_anaconda\Lib\site-packages\django\core\handlers\exception.py", line 55, in inner
    response = get_response(request)
               ^^^^^^^^^^^^^^^^^^^^^
  File "E:\python_anaconda\Lib\site-packages\django\core\handlers\base.py", line 197, in _get_response
    response = wrapped_callback(request, *callback_args, **callback_kwargs)
               ^^^^^^^^^^^^^^^^^^^^^^^^^^^^^^^^^^^^^^^^^^^^^^^^^^^^^^^^^^^^
  File "E:\blockchain\eadmin\views.py", line 81, in newCotation
    previousHash = blockchain_count()
                   ^^^^^^^^^^^^^^^^^^
  File "E:\blockchain\eadmin\views.py", line 100, in blockchain_count
    totalCount = Blockchain.objects.count()
                 ^^^^^^^^^^
NameError: name 'Blockchain' is not defined
5
Tenders: <QuerySet [<tender: tender object (4)>, <tender: tender object (6)>, <tender: tender object (7)>]>
tender:tender object (7)
Internal Server Error: /newCotation/
Traceback (most recent call last):
  File "E:\python_anaconda\Lib\site-packages\django\core\handlers\exception.py", line 55, in inner
    response = get_response(request)
               ^^^^^^^^^^^^^^^^^^^^^
  File "E:\python_anaconda\Lib\site-packages\django\core\handlers\base.py", line 197, in _get_response
    response = wrapped_callback(request, *callback_args, **callback_kwargs)
               ^^^^^^^^^^^^^^^^^^^^^^^^^^^^^^^^^^^^^^^^^^^^^^^^^^^^^^^^^^^^
  File "E:\blockchain\eadmin\views.py", line 81, in newCotation
    previousHash = blockchain_count()
                   ^^^^^^^^^^^^^^^^^^
  File "E:\blockchain\eadmin\views.py", line 100, in blockchain_count
    totalCount = Blockchain.objects.count()
                 ^^^^^^^^^^
NameError: name 'Blockchain' is not defined
Internal Server Error: /newCotation/
Traceback (most recent call last):
  File "E:\python_anaconda\Lib\site-packages\django\core\handlers\exception.py", line 55, in inner
    response = get_response(request)
               ^^^^^^^^^^^^^^^^^^^^^
  File "E:\python_anaconda\Lib\site-packages\django\core\handlers\base.py", line 197, in _get_response
    response = wrapped_callback(request, *callback_args, **callback_kwargs)
               ^^^^^^^^^^^^^^^^^^^^^^^^^^^^^^^^^^^^^^^^^^^^^^^^^^^^^^^^^^^^
  File "E:\blockchain\eadmin\views.py", line 81, in newCotation
    previousHash = blockchain_count()
                   ^^^^^^^^^^^^^^^^^^
  File "E:\blockchain\eadmin\views.py", line 100, in blockchain_count
    totalCount = Blockchain.objects.count()
                 ^^^^^^^^^^
NameError: name 'Blockchain' is not defined
tender:tender object (7)
tender:tender object (7)
Internal Server Error: /newCotation/
Traceback (most recent call last):
  File "E:\python_anaconda\Lib\site-packages\django\db\models\fields\__init__.py", line 2112, in get_prep_value
    return int(value)
           ^^^^^^^^^^
ValueError: invalid literal for int() with base 10: 'TE000122'

The above exception was the direct cause of the following exception:

Traceback (most recent call last):
  File "E:\python_anaconda\Lib\site-packages\django\core\handlers\exception.py", line 55, in inner
    response = get_response(request)
               ^^^^^^^^^^^^^^^^^^^^^
  File "E:\python_anaconda\Lib\site-packages\django\core\handlers\base.py", line 197, in _get_response
    response = wrapped_callback(request, *callback_args, **callback_kwargs)
               ^^^^^^^^^^^^^^^^^^^^^^^^^^^^^^^^^^^^^^^^^^^^^^^^^^^^^^^^^^^^
  File "E:\blockchain\eadmin\views.py", line 82, in newCotation
    if tenderCotated.objects.filter(tenderid=tenderNo,userid=userId).exist():
       ^^^^^^^^^^^^^^^^^^^^^^^^^^^^^^^^^^^^^^^^^^^^^^^^^^^^^^^^^^^^^
  File "E:\python_anaconda\Lib\site-packages\django\db\models\manager.py", line 87, in manager_method
    return getattr(self.get_queryset(), name)(*args, **kwargs)
           ^^^^^^^^^^^^^^^^^^^^^^^^^^^^^^^^^^^^^^^^^^^^^^^^^^^
  File "E:\python_anaconda\Lib\site-packages\django\db\models\query.py", line 1476, in filter
    return self._filter_or_exclude(False, args, kwargs)
           ^^^^^^^^^^^^^^^^^^^^^^^^^^^^^^^^^^^^^^^^^^^^
  File "E:\python_anaconda\Lib\site-packages\django\db\models\query.py", line 1494, in _filter_or_exclude
    clone._filter_or_exclude_inplace(negate, args, kwargs)
  File "E:\python_anaconda\Lib\site-packages\django\db\models\query.py", line 1501, in _filter_or_exclude_inplace
    self._query.add_q(Q(*args, **kwargs))
  File "E:\python_anaconda\Lib\site-packages\django\db\models\sql\query.py", line 1602, in add_q
    clause, _ = self._add_q(q_object, self.used_aliases)
                ^^^^^^^^^^^^^^^^^^^^^^^^^^^^^^^^^^^^^^^^
  File "E:\python_anaconda\Lib\site-packages\django\db\models\sql\query.py", line 1634, in _add_q
    child_clause, needed_inner = self.build_filter(
                                 ^^^^^^^^^^^^^^^^^^
  File "E:\python_anaconda\Lib\site-packages\django\db\models\sql\query.py", line 1548, in build_filter
    condition = self.build_lookup(lookups, col, value)
                ^^^^^^^^^^^^^^^^^^^^^^^^^^^^^^^^^^^^^^
  File "E:\python_anaconda\Lib\site-packages\django\db\models\sql\query.py", line 1378, in build_lookup
    lookup = lookup_class(lhs, rhs)
             ^^^^^^^^^^^^^^^^^^^^^^
  File "E:\python_anaconda\Lib\site-packages\django\db\models\lookups.py", line 30, in __init__
    self.rhs = self.get_prep_lookup()
               ^^^^^^^^^^^^^^^^^^^^^^
  File "E:\python_anaconda\Lib\site-packages\django\db\models\fields\related_lookups.py", line 156, in get_prep_lookup
    self.rhs = target_field.get_prep_value(self.rhs)
               ^^^^^^^^^^^^^^^^^^^^^^^^^^^^^^^^^^^^^
  File "E:\python_anaconda\Lib\site-packages\django\db\models\fields\__init__.py", line 2114, in get_prep_value
    raise e.__class__(
ValueError: Field 'id' expected a number but got 'TE000122'.
5
Tenders: <QuerySet [<tender: tender object (4)>, <tender: tender object (6)>, <tender: tender object (7)>]>
tender:tender object (7)
Internal Server Error: /newCotation/
Traceback (most recent call last):
  File "E:\python_anaconda\Lib\site-packages\django\core\handlers\exception.py", line 55, in inner
    response = get_response(request)
               ^^^^^^^^^^^^^^^^^^^^^
  File "E:\python_anaconda\Lib\site-packages\django\core\handlers\base.py", line 197, in _get_response
    response = wrapped_callback(request, *callback_args, **callback_kwargs)
               ^^^^^^^^^^^^^^^^^^^^^^^^^^^^^^^^^^^^^^^^^^^^^^^^^^^^^^^^^^^^
  File "E:\blockchain\eadmin\views.py", line 82, in newCotation
    if tenderCotated.objects.filter(tenderid=tenderNo,userid=userId).exist():
       ^^^^^^^^^^^^^^^^^^^^^^^^^^^^^^^^^^^^^^^^^^^^^^^^^^^^^^^^^^^^^^^^^^^
AttributeError: 'QuerySet' object has no attribute 'exist'
tender:tender object (7)
tender:tender object (7)
Internal Server Error: /newCotation/
Traceback (most recent call last):
  File "E:\python_anaconda\Lib\site-packages\django\core\handlers\exception.py", line 55, in inner
    response = get_response(request)
               ^^^^^^^^^^^^^^^^^^^^^
  File "E:\python_anaconda\Lib\site-packages\django\core\handlers\base.py", line 197, in _get_response
    response = wrapped_callback(request, *callback_args, **callback_kwargs)
               ^^^^^^^^^^^^^^^^^^^^^^^^^^^^^^^^^^^^^^^^^^^^^^^^^^^^^^^^^^^^
  File "E:\blockchain\eadmin\views.py", line 85, in newCotation
    blockchain_data = Blockchain.objects.create(
                      ^^^^^^^^^^^^^^^^^^^^^^^^^^
  File "E:\python_anaconda\Lib\site-packages\django\db\models\manager.py", line 87, in manager_method
    return getattr(self.get_queryset(), name)(*args, **kwargs)
           ^^^^^^^^^^^^^^^^^^^^^^^^^^^^^^^^^^^^^^^^^^^^^^^^^^^
  File "E:\python_anaconda\Lib\site-packages\django\db\models\query.py", line 675, in create
    obj = self.model(**kwargs)
          ^^^^^^^^^^^^^^^^^^^^
  File "E:\python_anaconda\Lib\site-packages\django\db\models\base.py", line 543, in __init__
    _setattr(self, field.name, rel_obj)
  File "E:\python_anaconda\Lib\site-packages\django\db\models\fields\related_descriptors.py", line 283, in __set__
    raise ValueError(
ValueError: Cannot assign "'7'": "Blockchain.tenderid" must be a "tender" instance.
tender:tender object (7)
Internal Server Error: /newCotation/
Traceback (most recent call last):
  File "E:\python_anaconda\Lib\site-packages\django\core\handlers\exception.py", line 55, in inner
    response = get_response(request)
               ^^^^^^^^^^^^^^^^^^^^^
  File "E:\python_anaconda\Lib\site-packages\django\core\handlers\base.py", line 197, in _get_response
    response = wrapped_callback(request, *callback_args, **callback_kwargs)
               ^^^^^^^^^^^^^^^^^^^^^^^^^^^^^^^^^^^^^^^^^^^^^^^^^^^^^^^^^^^^
  File "E:\blockchain\eadmin\views.py", line 85, in newCotation
    blockchain_data = Blockchain.objects.create(
                      ^^^^^^^^^^^^^^^^^^^^^^^^^^
  File "E:\python_anaconda\Lib\site-packages\django\db\models\manager.py", line 87, in manager_method
    return getattr(self.get_queryset(), name)(*args, **kwargs)
           ^^^^^^^^^^^^^^^^^^^^^^^^^^^^^^^^^^^^^^^^^^^^^^^^^^^
  File "E:\python_anaconda\Lib\site-packages\django\db\models\query.py", line 675, in create
    obj = self.model(**kwargs)
          ^^^^^^^^^^^^^^^^^^^^
  File "E:\python_anaconda\Lib\site-packages\django\db\models\base.py", line 543, in __init__
    _setattr(self, field.name, rel_obj)
  File "E:\python_anaconda\Lib\site-packages\django\db\models\fields\related_descriptors.py", line 283, in __set__
    raise ValueError(
ValueError: Cannot assign "7": "Blockchain.tenderid" must be a "tender" instance.
tender:tender object (7)
5
Tenders: <QuerySet [<tender: tender object (4)>, <tender: tender object (6)>, <tender: tender object (7)>]>
tender:tender object (7)
Internal Server Error: /newCotation/
Traceback (most recent call last):
  File "E:\blockchain\eadmin\views.py", line 86, in newCotation
    tender_instance = tender.objects.get(tenderNo=tenderNo)
                      ^^^^^^^^^^^^^^^^^^^^^^^^^^^^^^^^^^^^^
  File "E:\python_anaconda\Lib\site-packages\django\db\models\manager.py", line 87, in manager_method
    return getattr(self.get_queryset(), name)(*args, **kwargs)
           ^^^^^^^^^^^^^^^^^^^^^^^^^^^^^^^^^^^^^^^^^^^^^^^^^^^
  File "E:\python_anaconda\Lib\site-packages\django\db\models\query.py", line 647, in get
    raise self.model.DoesNotExist(
eadmin.models.tender.DoesNotExist: tender matching query does not exist.

During handling of the above exception, another exception occurred:

Traceback (most recent call last):
  File "E:\python_anaconda\Lib\site-packages\django\core\handlers\exception.py", line 55, in inner
    response = get_response(request)
               ^^^^^^^^^^^^^^^^^^^^^
  File "E:\python_anaconda\Lib\site-packages\django\core\handlers\base.py", line 197, in _get_response
    response = wrapped_callback(request, *callback_args, **callback_kwargs)
               ^^^^^^^^^^^^^^^^^^^^^^^^^^^^^^^^^^^^^^^^^^^^^^^^^^^^^^^^^^^^
  File "E:\blockchain\eadmin\views.py", line 88, in newCotation
    return HttpResponse("Tender with the specified tenderNo does not exist", status=400)
           ^^^^^^^^^^^^
NameError: name 'HttpResponse' is not defined
tender:tender object (7)
tender:tender object (7)
Internal Server Error: /newCotation/
Traceback (most recent call last):
  File "E:\python_anaconda\Lib\site-packages\django\core\handlers\exception.py", line 55, in inner
    response = get_response(request)
               ^^^^^^^^^^^^^^^^^^^^^
  File "E:\python_anaconda\Lib\site-packages\django\core\handlers\base.py", line 197, in _get_response
    response = wrapped_callback(request, *callback_args, **callback_kwargs)
               ^^^^^^^^^^^^^^^^^^^^^^^^^^^^^^^^^^^^^^^^^^^^^^^^^^^^^^^^^^^^
  File "E:\blockchain\eadmin\views.py", line 85, in newCotation
    createBlockchain(tenderNo,previousHash,encode_data['digest'],encode_data)
                                           ^^^^^^^^^^^
NameError: name 'encode_data' is not defined
tender:tender object (7)
Internal Server Error: /newCotation/
Traceback (most recent call last):
  File "E:\python_anaconda\Lib\site-packages\django\core\handlers\exception.py", line 55, in inner
    response = get_response(request)
               ^^^^^^^^^^^^^^^^^^^^^
  File "E:\python_anaconda\Lib\site-packages\django\core\handlers\base.py", line 197, in _get_response
    response = wrapped_callback(request, *callback_args, **callback_kwargs)
               ^^^^^^^^^^^^^^^^^^^^^^^^^^^^^^^^^^^^^^^^^^^^^^^^^^^^^^^^^^^^
  File "E:\blockchain\eadmin\views.py", line 85, in newCotation
    createBlockchain(tenderNo,previousHash,encoded_data['digest'],encoded_data)
  File "E:\blockchain\eadmin\views.py", line 89, in createBlockchain
    blockchain_data = Blockchain.objects.create(
                      ^^^^^^^^^^^^^^^^^^^^^^^^^^
  File "E:\python_anaconda\Lib\site-packages\django\db\models\manager.py", line 87, in manager_method
    return getattr(self.get_queryset(), name)(*args, **kwargs)
           ^^^^^^^^^^^^^^^^^^^^^^^^^^^^^^^^^^^^^^^^^^^^^^^^^^^
  File "E:\python_anaconda\Lib\site-packages\django\db\models\query.py", line 675, in create
    obj = self.model(**kwargs)
          ^^^^^^^^^^^^^^^^^^^^
  File "E:\python_anaconda\Lib\site-packages\django\db\models\base.py", line 543, in __init__
    _setattr(self, field.name, rel_obj)
  File "E:\python_anaconda\Lib\site-packages\django\db\models\fields\related_descriptors.py", line 283, in __set__
    raise ValueError(
ValueError: Cannot assign "7": "Blockchain.tenderid" must be a "tender" instance.
tender:tender object (7)
tender:tender object (7)
tender:tender object (7)
tender:tender object (7)
Internal Server Error: /newCotation/
Traceback (most recent call last):
  File "E:\python_anaconda\Lib\site-packages\django\core\handlers\exception.py", line 55, in inner
    response = get_response(request)
               ^^^^^^^^^^^^^^^^^^^^^
  File "E:\python_anaconda\Lib\site-packages\django\core\handlers\base.py", line 197, in _get_response
    response = wrapped_callback(request, *callback_args, **callback_kwargs)
               ^^^^^^^^^^^^^^^^^^^^^^^^^^^^^^^^^^^^^^^^^^^^^^^^^^^^^^^^^^^^
  File "E:\blockchain\eadmin\views.py", line 88, in newCotation
    tenderCote_create(tender_obj,userId)
  File "E:\blockchain\eadmin\views.py", line 103, in tenderCote_create
    tender_cotated = tenderCotated.objects.create(
                     ^^^^^^^^^^^^^^^^^^^^^^^^^^^^^
  File "E:\python_anaconda\Lib\site-packages\django\db\models\manager.py", line 87, in manager_method
    return getattr(self.get_queryset(), name)(*args, **kwargs)
           ^^^^^^^^^^^^^^^^^^^^^^^^^^^^^^^^^^^^^^^^^^^^^^^^^^^
  File "E:\python_anaconda\Lib\site-packages\django\db\models\query.py", line 675, in create
    obj = self.model(**kwargs)
          ^^^^^^^^^^^^^^^^^^^^
  File "E:\python_anaconda\Lib\site-packages\django\db\models\base.py", line 543, in __init__
    _setattr(self, field.name, rel_obj)
  File "E:\python_anaconda\Lib\site-packages\django\db\models\fields\related_descriptors.py", line 283, in __set__
    raise ValueError(
ValueError: Cannot assign "'5'": "tenderCotated.userid" must be a "particpants" instance.
tender:tender object (7)
tender:tender object (7)
Internal Server Error: /newCotation/
Traceback (most recent call last):
  File "E:\python_anaconda\Lib\site-packages\django\core\handlers\exception.py", line 55, in inner
    response = get_response(request)
               ^^^^^^^^^^^^^^^^^^^^^
  File "E:\python_anaconda\Lib\site-packages\django\core\handlers\base.py", line 197, in _get_response
    response = wrapped_callback(request, *callback_args, **callback_kwargs)
               ^^^^^^^^^^^^^^^^^^^^^^^^^^^^^^^^^^^^^^^^^^^^^^^^^^^^^^^^^^^^
  File "E:\blockchain\eadmin\views.py", line 86, in newCotation
    user_obj = tender.objects.get(pk=userId)
               ^^^^^^^^^^^^^^^^^^^^^^^^^^^^^
  File "E:\python_anaconda\Lib\site-packages\django\db\models\manager.py", line 87, in manager_method
    return getattr(self.get_queryset(), name)(*args, **kwargs)
           ^^^^^^^^^^^^^^^^^^^^^^^^^^^^^^^^^^^^^^^^^^^^^^^^^^^
  File "E:\python_anaconda\Lib\site-packages\django\db\models\query.py", line 647, in get
    raise self.model.DoesNotExist(
eadmin.models.tender.DoesNotExist: tender matching query does not exist.
tender:tender object (7)
Internal Server Error: /newCotation/
Traceback (most recent call last):
  File "E:\python_anaconda\Lib\site-packages\django\core\handlers\exception.py", line 55, in inner
    response = get_response(request)
               ^^^^^^^^^^^^^^^^^^^^^
  File "E:\python_anaconda\Lib\site-packages\django\core\handlers\base.py", line 197, in _get_response
    response = wrapped_callback(request, *callback_args, **callback_kwargs)
               ^^^^^^^^^^^^^^^^^^^^^^^^^^^^^^^^^^^^^^^^^^^^^^^^^^^^^^^^^^^^
  File "E:\blockchain\eadmin\views.py", line 86, in newCotation
    user_obj = tender.objects.get(pk=userId)
               ^^^^^^^^^^^^^^^^^^^^^^^^^^^^^
  File "E:\python_anaconda\Lib\site-packages\django\db\models\manager.py", line 87, in manager_method
    return getattr(self.get_queryset(), name)(*args, **kwargs)
           ^^^^^^^^^^^^^^^^^^^^^^^^^^^^^^^^^^^^^^^^^^^^^^^^^^^
  File "E:\python_anaconda\Lib\site-packages\django\db\models\query.py", line 647, in get
    raise self.model.DoesNotExist(
eadmin.models.tender.DoesNotExist: tender matching query does not exist.
tender:tender object (7)
tender:tender object (7)
6
Tenders: <QuerySet [<tender: tender object (4)>, <tender: tender object (6)>, <tender: tender object (7)>]>
tender:tender object (7)
tender:tender object (7)
Internal Server Error: /newCotation/
Traceback (most recent call last):
  File "E:\python_anaconda\Lib\site-packages\django\core\handlers\exception.py", line 55, in inner
    response = get_response(request)
               ^^^^^^^^^^^^^^^^^^^^^
  File "E:\python_anaconda\Lib\site-packages\django\core\handlers\base.py", line 204, in _get_response
    self.check_response(response, callback)
  File "E:\python_anaconda\Lib\site-packages\django\core\handlers\base.py", line 332, in check_response
    raise ValueError(
ValueError: The view eadmin.views.newCotation didn't return an HttpResponse object. It returned None instead.
Internal Server Error: /newCotation/
Traceback (most recent call last):
  File "E:\python_anaconda\Lib\site-packages\django\core\handlers\exception.py", line 55, in inner
    response = get_response(request)
               ^^^^^^^^^^^^^^^^^^^^^
  File "E:\python_anaconda\Lib\site-packages\django\core\handlers\base.py", line 204, in _get_response
    self.check_response(response, callback)
  File "E:\python_anaconda\Lib\site-packages\django\core\handlers\base.py", line 332, in check_response
    raise ValueError(
ValueError: The view eadmin.views.newCotation didn't return an HttpResponse object. It returned None instead.
tender:tender object (7)
6
Tenders: <QuerySet [<tender: tender object (4)>, <tender: tender object (6)>, <tender: tender object (7)>]>
tender:tender object (7)
6
Tenders: <QuerySet [<tender: tender object (4)>, <tender: tender object (6)>, <tender: tender object (7)>]>
5
Tenders: <QuerySet [<tender: tender object (4)>, <tender: tender object (6)>, <tender: tender object (7)>]>
tender:tender object (7)
5
Tenders: <QuerySet [<tender: tender object (4)>, <tender: tender object (6)>, <tender: tender object (7)>]>
5
Tenders: <QuerySet [<tender: tender object (4)>, <tender: tender object (6)>, <tender: tender object (7)>]>
Internal Server Error: /
Traceback (most recent call last):
  File "E:\python_anaconda\Lib\site-packages\django\template\base.py", line 502, in parse
    compile_func = self.tags[command]
                   ~~~~~~~~~^^^^^^^^^
KeyError: 'static'

During handling of the above exception, another exception occurred:

Traceback (most recent call last):
  File "E:\python_anaconda\Lib\site-packages\django\core\handlers\exception.py", line 55, in inner
    response = get_response(request)
               ^^^^^^^^^^^^^^^^^^^^^
  File "E:\python_anaconda\Lib\site-packages\django\core\handlers\base.py", line 197, in _get_response
    response = wrapped_callback(request, *callback_args, **callback_kwargs)
               ^^^^^^^^^^^^^^^^^^^^^^^^^^^^^^^^^^^^^^^^^^^^^^^^^^^^^^^^^^^^
  File "E:\blockchain\eadmin\views.py", line 15, in index
    return render(request,"common/index.html")
           ^^^^^^^^^^^^^^^^^^^^^^^^^^^^^^^^^^^
  File "E:\python_anaconda\Lib\site-packages\django\shortcuts.py", line 24, in render
    content = loader.render_to_string(template_name, context, request, using=using)
              ^^^^^^^^^^^^^^^^^^^^^^^^^^^^^^^^^^^^^^^^^^^^^^^^^^^^^^^^^^^^^^^^^^^^^
  File "E:\python_anaconda\Lib\site-packages\django\template\loader.py", line 61, in render_to_string
    template = get_template(template_name, using=using)
               ^^^^^^^^^^^^^^^^^^^^^^^^^^^^^^^^^^^^^^^^
  File "E:\python_anaconda\Lib\site-packages\django\template\loader.py", line 15, in get_template
    return engine.get_template(template_name)
           ^^^^^^^^^^^^^^^^^^^^^^^^^^^^^^^^^^
  File "E:\python_anaconda\Lib\site-packages\django\template\backends\django.py", line 33, in get_template
    return Template(self.engine.get_template(template_name), self)
                    ^^^^^^^^^^^^^^^^^^^^^^^^^^^^^^^^^^^^^^^
  File "E:\python_anaconda\Lib\site-packages\django\template\engine.py", line 175, in get_template
    template, origin = self.find_template(template_name)
                       ^^^^^^^^^^^^^^^^^^^^^^^^^^^^^^^^^
  File "E:\python_anaconda\Lib\site-packages\django\template\engine.py", line 157, in find_template
    template = loader.get_template(name, skip=skip)
               ^^^^^^^^^^^^^^^^^^^^^^^^^^^^^^^^^^^^
  File "E:\python_anaconda\Lib\site-packages\django\template\loaders\cached.py", line 57, in get_template
    template = super().get_template(template_name, skip)
               ^^^^^^^^^^^^^^^^^^^^^^^^^^^^^^^^^^^^^^^^^
  File "E:\python_anaconda\Lib\site-packages\django\template\loaders\base.py", line 28, in get_template
    return Template(
           ^^^^^^^^^
  File "E:\python_anaconda\Lib\site-packages\django\template\base.py", line 154, in __init__
    self.nodelist = self.compile_nodelist()
                    ^^^^^^^^^^^^^^^^^^^^^^^
  File "E:\python_anaconda\Lib\site-packages\django\template\base.py", line 196, in compile_nodelist
    return parser.parse()
           ^^^^^^^^^^^^^^
  File "E:\python_anaconda\Lib\site-packages\django\template\base.py", line 510, in parse
    raise self.error(token, e)
  File "E:\python_anaconda\Lib\site-packages\django\template\base.py", line 508, in parse
    compiled_result = compile_func(self, token)
                      ^^^^^^^^^^^^^^^^^^^^^^^^^
  File "E:\python_anaconda\Lib\site-packages\django\template\loader_tags.py", line 295, in do_extends
    nodelist = parser.parse()
               ^^^^^^^^^^^^^^
  File "E:\python_anaconda\Lib\site-packages\django\template\base.py", line 510, in parse
    raise self.error(token, e)
  File "E:\python_anaconda\Lib\site-packages\django\template\base.py", line 508, in parse
    compiled_result = compile_func(self, token)
                      ^^^^^^^^^^^^^^^^^^^^^^^^^
  File "E:\python_anaconda\Lib\site-packages\django\template\loader_tags.py", line 234, in do_block
    nodelist = parser.parse(("endblock",))
               ^^^^^^^^^^^^^^^^^^^^^^^^^^^
  File "E:\python_anaconda\Lib\site-packages\django\template\base.py", line 504, in parse
    self.invalid_block_tag(token, command, parse_until)
  File "E:\python_anaconda\Lib\site-packages\django\template\base.py", line 555, in invalid_block_tag
    raise self.error(
django.template.exceptions.TemplateSyntaxError: Invalid block tag on line 6: 'static', expected 'endblock'. Did you forget to register or load this tag?
Not Found: /favicon.ico
Internal Server Error: /
Traceback (most recent call last):
  File "E:\python_anaconda\Lib\site-packages\django\template\base.py", line 502, in parse
    compile_func = self.tags[command]
                   ~~~~~~~~~^^^^^^^^^
KeyError: 'static'

During handling of the above exception, another exception occurred:

Traceback (most recent call last):
  File "E:\python_anaconda\Lib\site-packages\django\core\handlers\exception.py", line 55, in inner
    response = get_response(request)
               ^^^^^^^^^^^^^^^^^^^^^
  File "E:\python_anaconda\Lib\site-packages\django\core\handlers\base.py", line 197, in _get_response
    response = wrapped_callback(request, *callback_args, **callback_kwargs)
               ^^^^^^^^^^^^^^^^^^^^^^^^^^^^^^^^^^^^^^^^^^^^^^^^^^^^^^^^^^^^
  File "E:\blockchain\eadmin\views.py", line 15, in index
    return render(request,"common/index.html")
           ^^^^^^^^^^^^^^^^^^^^^^^^^^^^^^^^^^^
  File "E:\python_anaconda\Lib\site-packages\django\shortcuts.py", line 24, in render
    content = loader.render_to_string(template_name, context, request, using=using)
              ^^^^^^^^^^^^^^^^^^^^^^^^^^^^^^^^^^^^^^^^^^^^^^^^^^^^^^^^^^^^^^^^^^^^^
  File "E:\python_anaconda\Lib\site-packages\django\template\loader.py", line 61, in render_to_string
    template = get_template(template_name, using=using)
               ^^^^^^^^^^^^^^^^^^^^^^^^^^^^^^^^^^^^^^^^
  File "E:\python_anaconda\Lib\site-packages\django\template\loader.py", line 15, in get_template
    return engine.get_template(template_name)
           ^^^^^^^^^^^^^^^^^^^^^^^^^^^^^^^^^^
  File "E:\python_anaconda\Lib\site-packages\django\template\backends\django.py", line 33, in get_template
    return Template(self.engine.get_template(template_name), self)
                    ^^^^^^^^^^^^^^^^^^^^^^^^^^^^^^^^^^^^^^^
  File "E:\python_anaconda\Lib\site-packages\django\template\engine.py", line 175, in get_template
    template, origin = self.find_template(template_name)
                       ^^^^^^^^^^^^^^^^^^^^^^^^^^^^^^^^^
  File "E:\python_anaconda\Lib\site-packages\django\template\engine.py", line 157, in find_template
    template = loader.get_template(name, skip=skip)
               ^^^^^^^^^^^^^^^^^^^^^^^^^^^^^^^^^^^^
  File "E:\python_anaconda\Lib\site-packages\django\template\loaders\cached.py", line 57, in get_template
    template = super().get_template(template_name, skip)
               ^^^^^^^^^^^^^^^^^^^^^^^^^^^^^^^^^^^^^^^^^
  File "E:\python_anaconda\Lib\site-packages\django\template\loaders\base.py", line 28, in get_template
    return Template(
           ^^^^^^^^^
  File "E:\python_anaconda\Lib\site-packages\django\template\base.py", line 154, in __init__
    self.nodelist = self.compile_nodelist()
                    ^^^^^^^^^^^^^^^^^^^^^^^
  File "E:\python_anaconda\Lib\site-packages\django\template\base.py", line 196, in compile_nodelist
    return parser.parse()
           ^^^^^^^^^^^^^^
  File "E:\python_anaconda\Lib\site-packages\django\template\base.py", line 510, in parse
    raise self.error(token, e)
  File "E:\python_anaconda\Lib\site-packages\django\template\base.py", line 508, in parse
    compiled_result = compile_func(self, token)
                      ^^^^^^^^^^^^^^^^^^^^^^^^^
  File "E:\python_anaconda\Lib\site-packages\django\template\loader_tags.py", line 295, in do_extends
    nodelist = parser.parse()
               ^^^^^^^^^^^^^^
  File "E:\python_anaconda\Lib\site-packages\django\template\base.py", line 510, in parse
    raise self.error(token, e)
  File "E:\python_anaconda\Lib\site-packages\django\template\base.py", line 508, in parse
    compiled_result = compile_func(self, token)
                      ^^^^^^^^^^^^^^^^^^^^^^^^^
  File "E:\python_anaconda\Lib\site-packages\django\template\loader_tags.py", line 234, in do_block
    nodelist = parser.parse(("endblock",))
               ^^^^^^^^^^^^^^^^^^^^^^^^^^^
  File "E:\python_anaconda\Lib\site-packages\django\template\base.py", line 504, in parse
    self.invalid_block_tag(token, command, parse_until)
  File "E:\python_anaconda\Lib\site-packages\django\template\base.py", line 555, in invalid_block_tag
    raise self.error(
django.template.exceptions.TemplateSyntaxError: Invalid block tag on line 6: 'static', expected 'endblock'. Did you forget to register or load this tag?
Internal Server Error: /
Traceback (most recent call last):
  File "E:\python_anaconda\Lib\site-packages\django\template\base.py", line 502, in parse
    compile_func = self.tags[command]
                   ~~~~~~~~~^^^^^^^^^
KeyError: 'static'

During handling of the above exception, another exception occurred:

Traceback (most recent call last):
  File "E:\python_anaconda\Lib\site-packages\django\core\handlers\exception.py", line 55, in inner
    response = get_response(request)
               ^^^^^^^^^^^^^^^^^^^^^
  File "E:\python_anaconda\Lib\site-packages\django\core\handlers\base.py", line 197, in _get_response
    response = wrapped_callback(request, *callback_args, **callback_kwargs)
               ^^^^^^^^^^^^^^^^^^^^^^^^^^^^^^^^^^^^^^^^^^^^^^^^^^^^^^^^^^^^
  File "E:\blockchain\eadmin\views.py", line 15, in index
    return render(request,"common/index.html")
           ^^^^^^^^^^^^^^^^^^^^^^^^^^^^^^^^^^^
  File "E:\python_anaconda\Lib\site-packages\django\shortcuts.py", line 24, in render
    content = loader.render_to_string(template_name, context, request, using=using)
              ^^^^^^^^^^^^^^^^^^^^^^^^^^^^^^^^^^^^^^^^^^^^^^^^^^^^^^^^^^^^^^^^^^^^^
  File "E:\python_anaconda\Lib\site-packages\django\template\loader.py", line 61, in render_to_string
    template = get_template(template_name, using=using)
               ^^^^^^^^^^^^^^^^^^^^^^^^^^^^^^^^^^^^^^^^
  File "E:\python_anaconda\Lib\site-packages\django\template\loader.py", line 15, in get_template
    return engine.get_template(template_name)
           ^^^^^^^^^^^^^^^^^^^^^^^^^^^^^^^^^^
  File "E:\python_anaconda\Lib\site-packages\django\template\backends\django.py", line 33, in get_template
    return Template(self.engine.get_template(template_name), self)
                    ^^^^^^^^^^^^^^^^^^^^^^^^^^^^^^^^^^^^^^^
  File "E:\python_anaconda\Lib\site-packages\django\template\engine.py", line 175, in get_template
    template, origin = self.find_template(template_name)
                       ^^^^^^^^^^^^^^^^^^^^^^^^^^^^^^^^^
  File "E:\python_anaconda\Lib\site-packages\django\template\engine.py", line 157, in find_template
    template = loader.get_template(name, skip=skip)
               ^^^^^^^^^^^^^^^^^^^^^^^^^^^^^^^^^^^^
  File "E:\python_anaconda\Lib\site-packages\django\template\loaders\cached.py", line 57, in get_template
    template = super().get_template(template_name, skip)
               ^^^^^^^^^^^^^^^^^^^^^^^^^^^^^^^^^^^^^^^^^
  File "E:\python_anaconda\Lib\site-packages\django\template\loaders\base.py", line 28, in get_template
    return Template(
           ^^^^^^^^^
  File "E:\python_anaconda\Lib\site-packages\django\template\base.py", line 154, in __init__
    self.nodelist = self.compile_nodelist()
                    ^^^^^^^^^^^^^^^^^^^^^^^
  File "E:\python_anaconda\Lib\site-packages\django\template\base.py", line 196, in compile_nodelist
    return parser.parse()
           ^^^^^^^^^^^^^^
  File "E:\python_anaconda\Lib\site-packages\django\template\base.py", line 510, in parse
    raise self.error(token, e)
  File "E:\python_anaconda\Lib\site-packages\django\template\base.py", line 508, in parse
    compiled_result = compile_func(self, token)
                      ^^^^^^^^^^^^^^^^^^^^^^^^^
  File "E:\python_anaconda\Lib\site-packages\django\template\loader_tags.py", line 295, in do_extends
    nodelist = parser.parse()
               ^^^^^^^^^^^^^^
  File "E:\python_anaconda\Lib\site-packages\django\template\base.py", line 510, in parse
    raise self.error(token, e)
  File "E:\python_anaconda\Lib\site-packages\django\template\base.py", line 508, in parse
    compiled_result = compile_func(self, token)
                      ^^^^^^^^^^^^^^^^^^^^^^^^^
  File "E:\python_anaconda\Lib\site-packages\django\template\loader_tags.py", line 234, in do_block
    nodelist = parser.parse(("endblock",))
               ^^^^^^^^^^^^^^^^^^^^^^^^^^^
  File "E:\python_anaconda\Lib\site-packages\django\template\base.py", line 504, in parse
    self.invalid_block_tag(token, command, parse_until)
  File "E:\python_anaconda\Lib\site-packages\django\template\base.py", line 555, in invalid_block_tag
    raise self.error(
django.template.exceptions.TemplateSyntaxError: Invalid block tag on line 4: 'static', expected 'endblock'. Did you forget to register or load this tag?
Internal Server Error: /login/
Traceback (most recent call last):
  File "E:\python_anaconda\Lib\site-packages\django\core\handlers\exception.py", line 55, in inner
    response = get_response(request)
               ^^^^^^^^^^^^^^^^^^^^^
  File "E:\python_anaconda\Lib\site-packages\django\core\handlers\base.py", line 197, in _get_response
    response = wrapped_callback(request, *callback_args, **callback_kwargs)
               ^^^^^^^^^^^^^^^^^^^^^^^^^^^^^^^^^^^^^^^^^^^^^^^^^^^^^^^^^^^^
  File "E:\blockchain\eadmin\views.py", line 31, in login
    return render(request,"common/loginPage.html", {'form':form})
           ^^^^^^^^^^^^^^^^^^^^^^^^^^^^^^^^^^^^^^^^^^^^^^^^^^^^^^
  File "E:\python_anaconda\Lib\site-packages\django\shortcuts.py", line 24, in render
    content = loader.render_to_string(template_name, context, request, using=using)
              ^^^^^^^^^^^^^^^^^^^^^^^^^^^^^^^^^^^^^^^^^^^^^^^^^^^^^^^^^^^^^^^^^^^^^
  File "E:\python_anaconda\Lib\site-packages\django\template\loader.py", line 62, in render_to_string
    return template.render(context, request)
           ^^^^^^^^^^^^^^^^^^^^^^^^^^^^^^^^^
  File "E:\python_anaconda\Lib\site-packages\django\template\backends\django.py", line 61, in render
    return self.template.render(context)
           ^^^^^^^^^^^^^^^^^^^^^^^^^^^^^
  File "E:\python_anaconda\Lib\site-packages\django\template\base.py", line 171, in render
    return self._render(context)
           ^^^^^^^^^^^^^^^^^^^^^
  File "E:\python_anaconda\Lib\site-packages\django\template\base.py", line 163, in _render
    return self.nodelist.render(context)
           ^^^^^^^^^^^^^^^^^^^^^^^^^^^^^
  File "E:\python_anaconda\Lib\site-packages\django\template\base.py", line 1000, in render
    return SafeString("".join([node.render_annotated(context) for node in self]))
                              ^^^^^^^^^^^^^^^^^^^^^^^^^^^^^^^^^^^^^^^^^^^^^^^^^
  File "E:\python_anaconda\Lib\site-packages\django\template\base.py", line 1000, in <listcomp>
    return SafeString("".join([node.render_annotated(context) for node in self]))
                               ^^^^^^^^^^^^^^^^^^^^^^^^^^^^^^
  File "E:\python_anaconda\Lib\site-packages\django\template\base.py", line 961, in render_annotated
    return self.render(context)
           ^^^^^^^^^^^^^^^^^^^^
  File "E:\python_anaconda\Lib\site-packages\django\template\loader_tags.py", line 159, in render
    return compiled_parent._render(context)
           ^^^^^^^^^^^^^^^^^^^^^^^^^^^^^^^^
  File "E:\python_anaconda\Lib\site-packages\django\template\base.py", line 163, in _render
    return self.nodelist.render(context)
           ^^^^^^^^^^^^^^^^^^^^^^^^^^^^^
  File "E:\python_anaconda\Lib\site-packages\django\template\base.py", line 1000, in render
    return SafeString("".join([node.render_annotated(context) for node in self]))
                              ^^^^^^^^^^^^^^^^^^^^^^^^^^^^^^^^^^^^^^^^^^^^^^^^^
  File "E:\python_anaconda\Lib\site-packages\django\template\base.py", line 1000, in <listcomp>
    return SafeString("".join([node.render_annotated(context) for node in self]))
                               ^^^^^^^^^^^^^^^^^^^^^^^^^^^^^^
  File "E:\python_anaconda\Lib\site-packages\django\template\base.py", line 961, in render_annotated
    return self.render(context)
           ^^^^^^^^^^^^^^^^^^^^
  File "E:\python_anaconda\Lib\site-packages\django\template\defaulttags.py", line 478, in render
    url = reverse(view_name, args=args, kwargs=kwargs, current_app=current_app)
          ^^^^^^^^^^^^^^^^^^^^^^^^^^^^^^^^^^^^^^^^^^^^^^^^^^^^^^^^^^^^^^^^^^^^^
  File "E:\python_anaconda\Lib\site-packages\django\urls\base.py", line 88, in reverse
    return resolver._reverse_with_prefix(view, prefix, *args, **kwargs)
           ^^^^^^^^^^^^^^^^^^^^^^^^^^^^^^^^^^^^^^^^^^^^^^^^^^^^^^^^^^^^
  File "E:\python_anaconda\Lib\site-packages\django\urls\resolvers.py", line 848, in _reverse_with_prefix
    raise NoReverseMatch(msg)
django.urls.exceptions.NoReverseMatch: Reverse for '' not found. '' is not a valid view function or pattern name.
Internal Server Error: /
Traceback (most recent call last):
  File "E:\python_anaconda\Lib\site-packages\django\core\handlers\exception.py", line 55, in inner
    response = get_response(request)
               ^^^^^^^^^^^^^^^^^^^^^
  File "E:\python_anaconda\Lib\site-packages\django\core\handlers\base.py", line 197, in _get_response
    response = wrapped_callback(request, *callback_args, **callback_kwargs)
               ^^^^^^^^^^^^^^^^^^^^^^^^^^^^^^^^^^^^^^^^^^^^^^^^^^^^^^^^^^^^
  File "E:\blockchain\eadmin\views.py", line 15, in index
    return render(request,"common/index.html")
           ^^^^^^^^^^^^^^^^^^^^^^^^^^^^^^^^^^^
  File "E:\python_anaconda\Lib\site-packages\django\shortcuts.py", line 24, in render
    content = loader.render_to_string(template_name, context, request, using=using)
              ^^^^^^^^^^^^^^^^^^^^^^^^^^^^^^^^^^^^^^^^^^^^^^^^^^^^^^^^^^^^^^^^^^^^^
  File "E:\python_anaconda\Lib\site-packages\django\template\loader.py", line 62, in render_to_string
    return template.render(context, request)
           ^^^^^^^^^^^^^^^^^^^^^^^^^^^^^^^^^
  File "E:\python_anaconda\Lib\site-packages\django\template\backends\django.py", line 61, in render
    return self.template.render(context)
           ^^^^^^^^^^^^^^^^^^^^^^^^^^^^^
  File "E:\python_anaconda\Lib\site-packages\django\template\base.py", line 171, in render
    return self._render(context)
           ^^^^^^^^^^^^^^^^^^^^^
  File "E:\python_anaconda\Lib\site-packages\django\template\base.py", line 163, in _render
    return self.nodelist.render(context)
           ^^^^^^^^^^^^^^^^^^^^^^^^^^^^^
  File "E:\python_anaconda\Lib\site-packages\django\template\base.py", line 1000, in render
    return SafeString("".join([node.render_annotated(context) for node in self]))
                              ^^^^^^^^^^^^^^^^^^^^^^^^^^^^^^^^^^^^^^^^^^^^^^^^^
  File "E:\python_anaconda\Lib\site-packages\django\template\base.py", line 1000, in <listcomp>
    return SafeString("".join([node.render_annotated(context) for node in self]))
                               ^^^^^^^^^^^^^^^^^^^^^^^^^^^^^^
  File "E:\python_anaconda\Lib\site-packages\django\template\base.py", line 961, in render_annotated
    return self.render(context)
           ^^^^^^^^^^^^^^^^^^^^
  File "E:\python_anaconda\Lib\site-packages\django\template\loader_tags.py", line 159, in render
    return compiled_parent._render(context)
           ^^^^^^^^^^^^^^^^^^^^^^^^^^^^^^^^
  File "E:\python_anaconda\Lib\site-packages\django\template\base.py", line 163, in _render
    return self.nodelist.render(context)
           ^^^^^^^^^^^^^^^^^^^^^^^^^^^^^
  File "E:\python_anaconda\Lib\site-packages\django\template\base.py", line 1000, in render
    return SafeString("".join([node.render_annotated(context) for node in self]))
                              ^^^^^^^^^^^^^^^^^^^^^^^^^^^^^^^^^^^^^^^^^^^^^^^^^
  File "E:\python_anaconda\Lib\site-packages\django\template\base.py", line 1000, in <listcomp>
    return SafeString("".join([node.render_annotated(context) for node in self]))
                               ^^^^^^^^^^^^^^^^^^^^^^^^^^^^^^
  File "E:\python_anaconda\Lib\site-packages\django\template\base.py", line 961, in render_annotated
    return self.render(context)
           ^^^^^^^^^^^^^^^^^^^^
  File "E:\python_anaconda\Lib\site-packages\django\template\defaulttags.py", line 478, in render
    url = reverse(view_name, args=args, kwargs=kwargs, current_app=current_app)
          ^^^^^^^^^^^^^^^^^^^^^^^^^^^^^^^^^^^^^^^^^^^^^^^^^^^^^^^^^^^^^^^^^^^^^
  File "E:\python_anaconda\Lib\site-packages\django\urls\base.py", line 88, in reverse
    return resolver._reverse_with_prefix(view, prefix, *args, **kwargs)
           ^^^^^^^^^^^^^^^^^^^^^^^^^^^^^^^^^^^^^^^^^^^^^^^^^^^^^^^^^^^^
  File "E:\python_anaconda\Lib\site-packages\django\urls\resolvers.py", line 848, in _reverse_with_prefix
    raise NoReverseMatch(msg)
django.urls.exceptions.NoReverseMatch: Reverse for '/' not found. '/' is not a valid view function or pattern name.
Internal Server Error: /
Traceback (most recent call last):
  File "E:\python_anaconda\Lib\site-packages\django\core\handlers\exception.py", line 55, in inner
    response = get_response(request)
               ^^^^^^^^^^^^^^^^^^^^^
  File "E:\python_anaconda\Lib\site-packages\django\core\handlers\base.py", line 197, in _get_response
    response = wrapped_callback(request, *callback_args, **callback_kwargs)
               ^^^^^^^^^^^^^^^^^^^^^^^^^^^^^^^^^^^^^^^^^^^^^^^^^^^^^^^^^^^^
  File "E:\blockchain\eadmin\views.py", line 15, in index
    return render(request,"common/index.html")
           ^^^^^^^^^^^^^^^^^^^^^^^^^^^^^^^^^^^
  File "E:\python_anaconda\Lib\site-packages\django\shortcuts.py", line 24, in render
    content = loader.render_to_string(template_name, context, request, using=using)
              ^^^^^^^^^^^^^^^^^^^^^^^^^^^^^^^^^^^^^^^^^^^^^^^^^^^^^^^^^^^^^^^^^^^^^
  File "E:\python_anaconda\Lib\site-packages\django\template\loader.py", line 62, in render_to_string
    return template.render(context, request)
           ^^^^^^^^^^^^^^^^^^^^^^^^^^^^^^^^^
  File "E:\python_anaconda\Lib\site-packages\django\template\backends\django.py", line 61, in render
    return self.template.render(context)
           ^^^^^^^^^^^^^^^^^^^^^^^^^^^^^
  File "E:\python_anaconda\Lib\site-packages\django\template\base.py", line 171, in render
    return self._render(context)
           ^^^^^^^^^^^^^^^^^^^^^
  File "E:\python_anaconda\Lib\site-packages\django\template\base.py", line 163, in _render
    return self.nodelist.render(context)
           ^^^^^^^^^^^^^^^^^^^^^^^^^^^^^
  File "E:\python_anaconda\Lib\site-packages\django\template\base.py", line 1000, in render
    return SafeString("".join([node.render_annotated(context) for node in self]))
                              ^^^^^^^^^^^^^^^^^^^^^^^^^^^^^^^^^^^^^^^^^^^^^^^^^
  File "E:\python_anaconda\Lib\site-packages\django\template\base.py", line 1000, in <listcomp>
    return SafeString("".join([node.render_annotated(context) for node in self]))
                               ^^^^^^^^^^^^^^^^^^^^^^^^^^^^^^
  File "E:\python_anaconda\Lib\site-packages\django\template\base.py", line 961, in render_annotated
    return self.render(context)
           ^^^^^^^^^^^^^^^^^^^^
  File "E:\python_anaconda\Lib\site-packages\django\template\loader_tags.py", line 159, in render
    return compiled_parent._render(context)
           ^^^^^^^^^^^^^^^^^^^^^^^^^^^^^^^^
  File "E:\python_anaconda\Lib\site-packages\django\template\base.py", line 163, in _render
    return self.nodelist.render(context)
           ^^^^^^^^^^^^^^^^^^^^^^^^^^^^^
  File "E:\python_anaconda\Lib\site-packages\django\template\base.py", line 1000, in render
    return SafeString("".join([node.render_annotated(context) for node in self]))
                              ^^^^^^^^^^^^^^^^^^^^^^^^^^^^^^^^^^^^^^^^^^^^^^^^^
  File "E:\python_anaconda\Lib\site-packages\django\template\base.py", line 1000, in <listcomp>
    return SafeString("".join([node.render_annotated(context) for node in self]))
                               ^^^^^^^^^^^^^^^^^^^^^^^^^^^^^^
  File "E:\python_anaconda\Lib\site-packages\django\template\base.py", line 961, in render_annotated
    return self.render(context)
           ^^^^^^^^^^^^^^^^^^^^
  File "E:\python_anaconda\Lib\site-packages\django\template\defaulttags.py", line 478, in render
    url = reverse(view_name, args=args, kwargs=kwargs, current_app=current_app)
          ^^^^^^^^^^^^^^^^^^^^^^^^^^^^^^^^^^^^^^^^^^^^^^^^^^^^^^^^^^^^^^^^^^^^^
  File "E:\python_anaconda\Lib\site-packages\django\urls\base.py", line 88, in reverse
    return resolver._reverse_with_prefix(view, prefix, *args, **kwargs)
           ^^^^^^^^^^^^^^^^^^^^^^^^^^^^^^^^^^^^^^^^^^^^^^^^^^^^^^^^^^^^
  File "E:\python_anaconda\Lib\site-packages\django\urls\resolvers.py", line 848, in _reverse_with_prefix
    raise NoReverseMatch(msg)
django.urls.exceptions.NoReverseMatch: Reverse for '/' not found. '/' is not a valid view function or pattern name.
Internal Server Error: /
Traceback (most recent call last):
  File "E:\python_anaconda\Lib\site-packages\django\core\handlers\exception.py", line 55, in inner
    response = get_response(request)
               ^^^^^^^^^^^^^^^^^^^^^
  File "E:\python_anaconda\Lib\site-packages\django\core\handlers\base.py", line 197, in _get_response
    response = wrapped_callback(request, *callback_args, **callback_kwargs)
               ^^^^^^^^^^^^^^^^^^^^^^^^^^^^^^^^^^^^^^^^^^^^^^^^^^^^^^^^^^^^
  File "E:\blockchain\eadmin\views.py", line 15, in index
    return render(request,"common/index.html")
           ^^^^^^^^^^^^^^^^^^^^^^^^^^^^^^^^^^^
  File "E:\python_anaconda\Lib\site-packages\django\shortcuts.py", line 24, in render
    content = loader.render_to_string(template_name, context, request, using=using)
              ^^^^^^^^^^^^^^^^^^^^^^^^^^^^^^^^^^^^^^^^^^^^^^^^^^^^^^^^^^^^^^^^^^^^^
  File "E:\python_anaconda\Lib\site-packages\django\template\loader.py", line 62, in render_to_string
    return template.render(context, request)
           ^^^^^^^^^^^^^^^^^^^^^^^^^^^^^^^^^
  File "E:\python_anaconda\Lib\site-packages\django\template\backends\django.py", line 61, in render
    return self.template.render(context)
           ^^^^^^^^^^^^^^^^^^^^^^^^^^^^^
  File "E:\python_anaconda\Lib\site-packages\django\template\base.py", line 171, in render
    return self._render(context)
           ^^^^^^^^^^^^^^^^^^^^^
  File "E:\python_anaconda\Lib\site-packages\django\template\base.py", line 163, in _render
    return self.nodelist.render(context)
           ^^^^^^^^^^^^^^^^^^^^^^^^^^^^^
  File "E:\python_anaconda\Lib\site-packages\django\template\base.py", line 1000, in render
    return SafeString("".join([node.render_annotated(context) for node in self]))
                              ^^^^^^^^^^^^^^^^^^^^^^^^^^^^^^^^^^^^^^^^^^^^^^^^^
  File "E:\python_anaconda\Lib\site-packages\django\template\base.py", line 1000, in <listcomp>
    return SafeString("".join([node.render_annotated(context) for node in self]))
                               ^^^^^^^^^^^^^^^^^^^^^^^^^^^^^^
  File "E:\python_anaconda\Lib\site-packages\django\template\base.py", line 961, in render_annotated
    return self.render(context)
           ^^^^^^^^^^^^^^^^^^^^
  File "E:\python_anaconda\Lib\site-packages\django\template\loader_tags.py", line 159, in render
    return compiled_parent._render(context)
           ^^^^^^^^^^^^^^^^^^^^^^^^^^^^^^^^
  File "E:\python_anaconda\Lib\site-packages\django\template\base.py", line 163, in _render
    return self.nodelist.render(context)
           ^^^^^^^^^^^^^^^^^^^^^^^^^^^^^
  File "E:\python_anaconda\Lib\site-packages\django\template\base.py", line 1000, in render
    return SafeString("".join([node.render_annotated(context) for node in self]))
                              ^^^^^^^^^^^^^^^^^^^^^^^^^^^^^^^^^^^^^^^^^^^^^^^^^
  File "E:\python_anaconda\Lib\site-packages\django\template\base.py", line 1000, in <listcomp>
    return SafeString("".join([node.render_annotated(context) for node in self]))
                               ^^^^^^^^^^^^^^^^^^^^^^^^^^^^^^
  File "E:\python_anaconda\Lib\site-packages\django\template\base.py", line 961, in render_annotated
    return self.render(context)
           ^^^^^^^^^^^^^^^^^^^^
  File "E:\python_anaconda\Lib\site-packages\django\template\defaulttags.py", line 478, in render
    url = reverse(view_name, args=args, kwargs=kwargs, current_app=current_app)
          ^^^^^^^^^^^^^^^^^^^^^^^^^^^^^^^^^^^^^^^^^^^^^^^^^^^^^^^^^^^^^^^^^^^^^
  File "E:\python_anaconda\Lib\site-packages\django\urls\base.py", line 88, in reverse
    return resolver._reverse_with_prefix(view, prefix, *args, **kwargs)
           ^^^^^^^^^^^^^^^^^^^^^^^^^^^^^^^^^^^^^^^^^^^^^^^^^^^^^^^^^^^^
  File "E:\python_anaconda\Lib\site-packages\django\urls\resolvers.py", line 848, in _reverse_with_prefix
    raise NoReverseMatch(msg)
django.urls.exceptions.NoReverseMatch: Reverse for 'home' not found. 'home' is not a valid view function or pattern name.
Internal Server Error: /login/
Traceback (most recent call last):
  File "E:\python_anaconda\Lib\site-packages\django\core\handlers\exception.py", line 55, in inner
    response = get_response(request)
               ^^^^^^^^^^^^^^^^^^^^^
  File "E:\python_anaconda\Lib\site-packages\django\core\handlers\base.py", line 197, in _get_response
    response = wrapped_callback(request, *callback_args, **callback_kwargs)
               ^^^^^^^^^^^^^^^^^^^^^^^^^^^^^^^^^^^^^^^^^^^^^^^^^^^^^^^^^^^^
  File "E:\blockchain\eadmin\views.py", line 24, in login
    particpant = particpants.objects.get(email=email)
                 ^^^^^^^^^^^^^^^^^^^^^^^^^^^^^^^^^^^^
  File "E:\python_anaconda\Lib\site-packages\django\db\models\manager.py", line 87, in manager_method
    return getattr(self.get_queryset(), name)(*args, **kwargs)
           ^^^^^^^^^^^^^^^^^^^^^^^^^^^^^^^^^^^^^^^^^^^^^^^^^^^
  File "E:\python_anaconda\Lib\site-packages\django\db\models\query.py", line 650, in get
    raise self.model.MultipleObjectsReturned(
eadmin.models.particpants.MultipleObjectsReturned: get() returned more than one particpants -- it returned 3!
Not Found: /login/admin
Internal Server Error: /login/
Traceback (most recent call last):
  File "E:\python_anaconda\Lib\site-packages\django\core\handlers\exception.py", line 55, in inner
    response = get_response(request)
               ^^^^^^^^^^^^^^^^^^^^^
  File "E:\python_anaconda\Lib\site-packages\django\core\handlers\base.py", line 197, in _get_response
    response = wrapped_callback(request, *callback_args, **callback_kwargs)
               ^^^^^^^^^^^^^^^^^^^^^^^^^^^^^^^^^^^^^^^^^^^^^^^^^^^^^^^^^^^^
  File "E:\blockchain\eadmin\views.py", line 24, in login
    particpant = particpants.objects.get(email=email)
                 ^^^^^^^^^^^^^^^^^^^^^^^^^^^^^^^^^^^^
  File "E:\python_anaconda\Lib\site-packages\django\db\models\manager.py", line 87, in manager_method
    return getattr(self.get_queryset(), name)(*args, **kwargs)
           ^^^^^^^^^^^^^^^^^^^^^^^^^^^^^^^^^^^^^^^^^^^^^^^^^^^
  File "E:\python_anaconda\Lib\site-packages\django\db\models\query.py", line 650, in get
    raise self.model.MultipleObjectsReturned(
eadmin.models.particpants.MultipleObjectsReturned: get() returned more than one particpants -- it returned 3!
10
Tenders: <QuerySet [<tender: tender object (4)>, <tender: tender object (6)>, <tender: tender object (7)>]>
10
Tenders: <QuerySet [<tender: tender object (4)>, <tender: tender object (6)>, <tender: tender object (7)>]>
Internal Server Error: /dashboard/
Traceback (most recent call last):
  File "E:\python_anaconda\Lib\site-packages\django\template\base.py", line 502, in parse
    compile_func = self.tags[command]
                   ~~~~~~~~~^^^^^^^^^
KeyError: 'static'

During handling of the above exception, another exception occurred:

Traceback (most recent call last):
  File "E:\python_anaconda\Lib\site-packages\django\core\handlers\exception.py", line 55, in inner
    response = get_response(request)
               ^^^^^^^^^^^^^^^^^^^^^
  File "E:\python_anaconda\Lib\site-packages\django\core\handlers\base.py", line 197, in _get_response
    response = wrapped_callback(request, *callback_args, **callback_kwargs)
               ^^^^^^^^^^^^^^^^^^^^^^^^^^^^^^^^^^^^^^^^^^^^^^^^^^^^^^^^^^^^
  File "E:\blockchain\eadmin\views.py", line 51, in dashboard
    return render(request, "e-participant/index.html", {'participant_info': participant_info,'tenders':tenders},)
           ^^^^^^^^^^^^^^^^^^^^^^^^^^^^^^^^^^^^^^^^^^^^^^^^^^^^^^^^^^^^^^^^^^^^^^^^^^^^^^^^^^^^^^^^^^^^^^^^^^^^^^
  File "E:\python_anaconda\Lib\site-packages\django\shortcuts.py", line 24, in render
    content = loader.render_to_string(template_name, context, request, using=using)
              ^^^^^^^^^^^^^^^^^^^^^^^^^^^^^^^^^^^^^^^^^^^^^^^^^^^^^^^^^^^^^^^^^^^^^
  File "E:\python_anaconda\Lib\site-packages\django\template\loader.py", line 62, in render_to_string
    return template.render(context, request)
           ^^^^^^^^^^^^^^^^^^^^^^^^^^^^^^^^^
  File "E:\python_anaconda\Lib\site-packages\django\template\backends\django.py", line 61, in render
    return self.template.render(context)
           ^^^^^^^^^^^^^^^^^^^^^^^^^^^^^
  File "E:\python_anaconda\Lib\site-packages\django\template\base.py", line 171, in render
    return self._render(context)
           ^^^^^^^^^^^^^^^^^^^^^
  File "E:\python_anaconda\Lib\site-packages\django\template\base.py", line 163, in _render
    return self.nodelist.render(context)
           ^^^^^^^^^^^^^^^^^^^^^^^^^^^^^
  File "E:\python_anaconda\Lib\site-packages\django\template\base.py", line 1000, in render
    return SafeString("".join([node.render_annotated(context) for node in self]))
                              ^^^^^^^^^^^^^^^^^^^^^^^^^^^^^^^^^^^^^^^^^^^^^^^^^
  File "E:\python_anaconda\Lib\site-packages\django\template\base.py", line 1000, in <listcomp>
    return SafeString("".join([node.render_annotated(context) for node in self]))
                               ^^^^^^^^^^^^^^^^^^^^^^^^^^^^^^
  File "E:\python_anaconda\Lib\site-packages\django\template\base.py", line 961, in render_annotated
    return self.render(context)
           ^^^^^^^^^^^^^^^^^^^^
  File "E:\python_anaconda\Lib\site-packages\django\template\loader_tags.py", line 134, in render
    compiled_parent = self.get_parent(context)
                      ^^^^^^^^^^^^^^^^^^^^^^^^
  File "E:\python_anaconda\Lib\site-packages\django\template\loader_tags.py", line 131, in get_parent
    return self.find_template(parent, context)
           ^^^^^^^^^^^^^^^^^^^^^^^^^^^^^^^^^^^
  File "E:\python_anaconda\Lib\site-packages\django\template\loader_tags.py", line 109, in find_template
    template, origin = context.template.engine.find_template(
                       ^^^^^^^^^^^^^^^^^^^^^^^^^^^^^^^^^^^^^^
  File "E:\python_anaconda\Lib\site-packages\django\template\engine.py", line 157, in find_template
    template = loader.get_template(name, skip=skip)
               ^^^^^^^^^^^^^^^^^^^^^^^^^^^^^^^^^^^^
  File "E:\python_anaconda\Lib\site-packages\django\template\loaders\cached.py", line 57, in get_template
    template = super().get_template(template_name, skip)
               ^^^^^^^^^^^^^^^^^^^^^^^^^^^^^^^^^^^^^^^^^
  File "E:\python_anaconda\Lib\site-packages\django\template\loaders\base.py", line 28, in get_template
    return Template(
           ^^^^^^^^^
  File "E:\python_anaconda\Lib\site-packages\django\template\base.py", line 154, in __init__
    self.nodelist = self.compile_nodelist()
                    ^^^^^^^^^^^^^^^^^^^^^^^
  File "E:\python_anaconda\Lib\site-packages\django\template\base.py", line 196, in compile_nodelist
    return parser.parse()
           ^^^^^^^^^^^^^^
  File "E:\python_anaconda\Lib\site-packages\django\template\base.py", line 504, in parse
    self.invalid_block_tag(token, command, parse_until)
  File "E:\python_anaconda\Lib\site-packages\django\template\base.py", line 565, in invalid_block_tag
    raise self.error(
django.template.exceptions.TemplateSyntaxError: Invalid block tag on line 6: 'static'. Did you forget to register or load this tag?
10
Tenders: <QuerySet [<tender: tender object (4)>, <tender: tender object (6)>, <tender: tender object (7)>]>
Internal Server Error: /dashboard/
Traceback (most recent call last):
  File "E:\python_anaconda\Lib\site-packages\django\template\base.py", line 502, in parse
    compile_func = self.tags[command]
                   ~~~~~~~~~^^^^^^^^^
KeyError: 'static'

During handling of the above exception, another exception occurred:

Traceback (most recent call last):
  File "E:\python_anaconda\Lib\site-packages\django\core\handlers\exception.py", line 55, in inner
    response = get_response(request)
               ^^^^^^^^^^^^^^^^^^^^^
  File "E:\python_anaconda\Lib\site-packages\django\core\handlers\base.py", line 197, in _get_response
    response = wrapped_callback(request, *callback_args, **callback_kwargs)
               ^^^^^^^^^^^^^^^^^^^^^^^^^^^^^^^^^^^^^^^^^^^^^^^^^^^^^^^^^^^^
  File "E:\blockchain\eadmin\views.py", line 51, in dashboard
    return render(request, "e-participant/index.html", {'participant_info': participant_info,'tenders':tenders},)
           ^^^^^^^^^^^^^^^^^^^^^^^^^^^^^^^^^^^^^^^^^^^^^^^^^^^^^^^^^^^^^^^^^^^^^^^^^^^^^^^^^^^^^^^^^^^^^^^^^^^^^^
  File "E:\python_anaconda\Lib\site-packages\django\shortcuts.py", line 24, in render
    content = loader.render_to_string(template_name, context, request, using=using)
              ^^^^^^^^^^^^^^^^^^^^^^^^^^^^^^^^^^^^^^^^^^^^^^^^^^^^^^^^^^^^^^^^^^^^^
  File "E:\python_anaconda\Lib\site-packages\django\template\loader.py", line 62, in render_to_string
    return template.render(context, request)
           ^^^^^^^^^^^^^^^^^^^^^^^^^^^^^^^^^
  File "E:\python_anaconda\Lib\site-packages\django\template\backends\django.py", line 61, in render
    return self.template.render(context)
           ^^^^^^^^^^^^^^^^^^^^^^^^^^^^^
  File "E:\python_anaconda\Lib\site-packages\django\template\base.py", line 171, in render
    return self._render(context)
           ^^^^^^^^^^^^^^^^^^^^^
  File "E:\python_anaconda\Lib\site-packages\django\template\base.py", line 163, in _render
    return self.nodelist.render(context)
           ^^^^^^^^^^^^^^^^^^^^^^^^^^^^^
  File "E:\python_anaconda\Lib\site-packages\django\template\base.py", line 1000, in render
    return SafeString("".join([node.render_annotated(context) for node in self]))
                              ^^^^^^^^^^^^^^^^^^^^^^^^^^^^^^^^^^^^^^^^^^^^^^^^^
  File "E:\python_anaconda\Lib\site-packages\django\template\base.py", line 1000, in <listcomp>
    return SafeString("".join([node.render_annotated(context) for node in self]))
                               ^^^^^^^^^^^^^^^^^^^^^^^^^^^^^^
  File "E:\python_anaconda\Lib\site-packages\django\template\base.py", line 961, in render_annotated
    return self.render(context)
           ^^^^^^^^^^^^^^^^^^^^
  File "E:\python_anaconda\Lib\site-packages\django\template\loader_tags.py", line 134, in render
    compiled_parent = self.get_parent(context)
                      ^^^^^^^^^^^^^^^^^^^^^^^^
  File "E:\python_anaconda\Lib\site-packages\django\template\loader_tags.py", line 131, in get_parent
    return self.find_template(parent, context)
           ^^^^^^^^^^^^^^^^^^^^^^^^^^^^^^^^^^^
  File "E:\python_anaconda\Lib\site-packages\django\template\loader_tags.py", line 109, in find_template
    template, origin = context.template.engine.find_template(
                       ^^^^^^^^^^^^^^^^^^^^^^^^^^^^^^^^^^^^^^
  File "E:\python_anaconda\Lib\site-packages\django\template\engine.py", line 157, in find_template
    template = loader.get_template(name, skip=skip)
               ^^^^^^^^^^^^^^^^^^^^^^^^^^^^^^^^^^^^
  File "E:\python_anaconda\Lib\site-packages\django\template\loaders\cached.py", line 57, in get_template
    template = super().get_template(template_name, skip)
               ^^^^^^^^^^^^^^^^^^^^^^^^^^^^^^^^^^^^^^^^^
  File "E:\python_anaconda\Lib\site-packages\django\template\loaders\base.py", line 28, in get_template
    return Template(
           ^^^^^^^^^
  File "E:\python_anaconda\Lib\site-packages\django\template\base.py", line 154, in __init__
    self.nodelist = self.compile_nodelist()
                    ^^^^^^^^^^^^^^^^^^^^^^^
  File "E:\python_anaconda\Lib\site-packages\django\template\base.py", line 196, in compile_nodelist
    return parser.parse()
           ^^^^^^^^^^^^^^
  File "E:\python_anaconda\Lib\site-packages\django\template\base.py", line 504, in parse
    self.invalid_block_tag(token, command, parse_until)
  File "E:\python_anaconda\Lib\site-packages\django\template\base.py", line 565, in invalid_block_tag
    raise self.error(
django.template.exceptions.TemplateSyntaxError: Invalid block tag on line 6: 'static'. Did you forget to register or load this tag?
10
Tenders: <QuerySet [<tender: tender object (4)>, <tender: tender object (6)>, <tender: tender object (7)>]>
10
Tenders: <QuerySet [<tender: tender object (4)>, <tender: tender object (6)>, <tender: tender object (7)>]>
10
Tenders: <QuerySet [<tender: tender object (4)>, <tender: tender object (6)>, <tender: tender object (7)>]>
10
Tenders: <QuerySet [<tender: tender object (4)>, <tender: tender object (6)>, <tender: tender object (7)>]>
10
Tenders: <QuerySet [<tender: tender object (4)>, <tender: tender object (6)>, <tender: tender object (7)>]>
10
Tenders: <QuerySet [<tender: tender object (4)>, <tender: tender object (6)>, <tender: tender object (7)>]>
10
Tenders: <QuerySet [<tender: tender object (4)>, <tender: tender object (6)>, <tender: tender object (7)>]>
10
Tenders: <QuerySet [<tender: tender object (4)>, <tender: tender object (6)>, <tender: tender object (7)>]>
10
Tenders: <QuerySet [<tender: tender object (4)>, <tender: tender object (6)>, <tender: tender object (7)>]>
5
Tenders: <QuerySet [<tender: tender object (4)>, <tender: tender object (6)>, <tender: tender object (7)>]>
5
Tenders: <QuerySet [<tender: tender object (4)>, <tender: tender object (6)>, <tender: tender object (7)>]>
5
Tenders: <QuerySet [<tender: tender object (4)>, <tender: tender object (6)>, <tender: tender object (7)>]>
5
Tenders: <QuerySet [<tender: tender object (4)>, <tender: tender object (6)>, <tender: tender object (7)>]>
5
Tenders: <QuerySet [<tender: tender object (4)>, <tender: tender object (6)>, <tender: tender object (7)>]>
5
Tenders: <QuerySet [<tender: tender object (4)>, <tender: tender object (6)>, <tender: tender object (7)>]>
5
Tenders: <QuerySet [<tender: tender object (4)>, <tender: tender object (6)>, <tender: tender object (7)>]>
5
Tenders: <QuerySet [<tender: tender object (4)>, <tender: tender object (6)>, <tender: tender object (7)>]>
5
Tenders: <QuerySet [<tender: tender object (4)>, <tender: tender object (6)>, <tender: tender object (7)>]>
5
Tenders: <QuerySet [<tender: tender object (4)>, <tender: tender object (6)>, <tender: tender object (7)>]>
5
Tenders: <QuerySet [<tender: tender object (4)>, <tender: tender object (6)>, <tender: tender object (7)>]>
5
Tenders: <QuerySet [<tender: tender object (4)>, <tender: tender object (6)>, <tender: tender object (7)>]>
5
Tenders: <QuerySet [<tender: tender object (4)>, <tender: tender object (6)>, <tender: tender object (7)>]>
5
Tenders: <QuerySet [<tender: tender object (4)>, <tender: tender object (6)>, <tender: tender object (7)>]>
5
Tenders: <QuerySet [<tender: tender object (4)>, <tender: tender object (6)>, <tender: tender object (7)>]>
5
Tenders: <QuerySet [<tender: tender object (4)>, <tender: tender object (6)>, <tender: tender object (7)>]>
5
Tenders: <QuerySet [<tender: tender object (4)>, <tender: tender object (6)>, <tender: tender object (7)>]>
5
Tenders: <QuerySet [<tender: tender object (4)>, <tender: tender object (6)>, <tender: tender object (7)>]>
5
Tenders: <QuerySet [<tender: tender object (4)>, <tender: tender object (6)>, <tender: tender object (7)>]>
5
Tenders: <QuerySet [<tender: tender object (4)>, <tender: tender object (6)>, <tender: tender object (7)>]>
5
Tenders: <QuerySet [<tender: tender object (4)>, <tender: tender object (6)>, <tender: tender object (7)>]>
5
Tenders: <QuerySet [<tender: tender object (4)>, <tender: tender object (6)>, <tender: tender object (7)>]>
5
Tenders: <QuerySet [<tender: tender object (4)>, <tender: tender object (6)>, <tender: tender object (7)>]>
5
Tenders: <QuerySet [<tender: tender object (4)>, <tender: tender object (6)>, <tender: tender object (7)>]>
5
Tenders: <QuerySet [<tender: tender object (4)>, <tender: tender object (6)>, <tender: tender object (7)>]>
5
Tenders: <QuerySet [<tender: tender object (4)>, <tender: tender object (6)>, <tender: tender object (7)>]>
5
Tenders: <QuerySet [<tender: tender object (4)>, <tender: tender object (6)>, <tender: tender object (7)>]>
5
Tenders: <QuerySet [<tender: tender object (4)>, <tender: tender object (6)>, <tender: tender object (7)>]>
5
Tenders: <QuerySet [<tender: tender object (4)>, <tender: tender object (6)>, <tender: tender object (7)>]>
5
Tenders: <QuerySet [<tender: tender object (4)>, <tender: tender object (6)>, <tender: tender object (7)>]>
5
Tenders: <QuerySet [<tender: tender object (4)>, <tender: tender object (6)>, <tender: tender object (7)>]>
5
Tenders: <QuerySet [<tender: tender object (4)>, <tender: tender object (6)>, <tender: tender object (7)>]>
5
Tenders: <QuerySet [<tender: tender object (4)>, <tender: tender object (6)>, <tender: tender object (7)>]>
5
Tenders: <QuerySet [<tender: tender object (4)>, <tender: tender object (6)>, <tender: tender object (7)>]>
5
Tenders: <QuerySet [<tender: tender object (4)>, <tender: tender object (6)>, <tender: tender object (7)>]>
5
Tenders: <QuerySet [<tender: tender object (4)>, <tender: tender object (6)>, <tender: tender object (7)>]>
5
Tenders: <QuerySet [<tender: tender object (4)>, <tender: tender object (6)>, <tender: tender object (7)>]>
5
Tenders: <QuerySet [<tender: tender object (4)>, <tender: tender object (6)>, <tender: tender object (7)>]>
5
Tenders: <QuerySet [<tender: tender object (4)>, <tender: tender object (6)>, <tender: tender object (7)>]>
5
Tenders: <QuerySet [<tender: tender object (4)>, <tender: tender object (6)>, <tender: tender object (7)>]>
5
Tenders: <QuerySet [<tender: tender object (4)>, <tender: tender object (6)>, <tender: tender object (7)>]>
5
Tenders: <QuerySet [<tender: tender object (4)>, <tender: tender object (6)>, <tender: tender object (7)>]>
5
Tenders: <QuerySet [<tender: tender object (4)>, <tender: tender object (6)>, <tender: tender object (7)>]>
5
Tenders: <QuerySet [<tender: tender object (4)>, <tender: tender object (6)>, <tender: tender object (7)>]>
5
Tenders: <QuerySet [<tender: tender object (4)>, <tender: tender object (6)>, <tender: tender object (7)>]>
5
Tenders: <QuerySet [<tender: tender object (4)>, <tender: tender object (6)>, <tender: tender object (7)>]>
5
Tenders: <QuerySet [<tender: tender object (4)>, <tender: tender object (6)>, <tender: tender object (7)>]>
5
Tenders: <QuerySet [<tender: tender object (4)>, <tender: tender object (6)>, <tender: tender object (7)>]>
5
Tenders: <QuerySet [<tender: tender object (4)>, <tender: tender object (6)>, <tender: tender object (7)>]>
5
Tenders: <QuerySet [<tender: tender object (4)>, <tender: tender object (6)>, <tender: tender object (7)>]>
5
Tenders: <QuerySet [<tender: tender object (4)>, <tender: tender object (6)>, <tender: tender object (7)>]>
5
Tenders: <QuerySet [<tender: tender object (4)>, <tender: tender object (6)>, <tender: tender object (7)>]>
5
Tenders: <QuerySet [<tender: tender object (4)>, <tender: tender object (6)>, <tender: tender object (7)>]>
5
Tenders: <QuerySet [<tender: tender object (4)>, <tender: tender object (6)>, <tender: tender object (7)>]>
5
Tenders: <QuerySet [<tender: tender object (4)>, <tender: tender object (6)>, <tender: tender object (7)>]>
5
Tenders: <QuerySet [<tender: tender object (4)>, <tender: tender object (6)>, <tender: tender object (7)>]>
5
Tenders: <QuerySet [<tender: tender object (4)>, <tender: tender object (6)>, <tender: tender object (7)>]>
5
Tenders: <QuerySet [<tender: tender object (4)>, <tender: tender object (6)>, <tender: tender object (7)>]>
5
Tenders: <QuerySet [<tender: tender object (4)>, <tender: tender object (6)>, <tender: tender object (7)>]>
5
Tenders: <QuerySet [<tender: tender object (4)>, <tender: tender object (6)>, <tender: tender object (7)>]>
5
Tenders: <QuerySet [<tender: tender object (4)>, <tender: tender object (6)>, <tender: tender object (7)>]>
5
Tenders: <QuerySet [<tender: tender object (4)>, <tender: tender object (6)>, <tender: tender object (7)>]>
5
Tenders: <QuerySet [<tender: tender object (4)>, <tender: tender object (6)>, <tender: tender object (7)>]>
5
Tenders: <QuerySet [<tender: tender object (4)>, <tender: tender object (6)>, <tender: tender object (7)>]>
5
Tenders: <QuerySet [<tender: tender object (4)>, <tender: tender object (6)>, <tender: tender object (7)>]>
5
Tenders: <QuerySet [<tender: tender object (4)>, <tender: tender object (6)>, <tender: tender object (7)>]>
5
Tenders: <QuerySet [<tender: tender object (4)>, <tender: tender object (6)>, <tender: tender object (7)>]>
5
Tenders: <QuerySet [<tender: tender object (4)>, <tender: tender object (6)>, <tender: tender object (7)>]>
5
Tenders: <QuerySet [<tender: tender object (4)>, <tender: tender object (6)>, <tender: tender object (7)>]>
5
Tenders: <QuerySet [<tender: tender object (4)>, <tender: tender object (6)>, <tender: tender object (7)>]>
5
Tenders: <QuerySet [<tender: tender object (4)>, <tender: tender object (6)>, <tender: tender object (7)>]>
5
Tenders: <QuerySet [<tender: tender object (4)>, <tender: tender object (6)>, <tender: tender object (7)>]>
5
Tenders: <QuerySet [<tender: tender object (4)>, <tender: tender object (6)>, <tender: tender object (7)>]>
5
Tenders: <QuerySet [<tender: tender object (4)>, <tender: tender object (6)>, <tender: tender object (7)>]>
5
Tenders: <QuerySet [<tender: tender object (4)>, <tender: tender object (6)>, <tender: tender object (7)>]>
5
Tenders: <QuerySet [<tender: tender object (4)>, <tender: tender object (6)>, <tender: tender object (7)>]>
5
Tenders: <QuerySet [<tender: tender object (4)>, <tender: tender object (6)>, <tender: tender object (7)>]>
5
Tenders: <QuerySet [<tender: tender object (4)>, <tender: tender object (6)>, <tender: tender object (7)>]>
5
Tenders: <QuerySet [<tender: tender object (4)>, <tender: tender object (6)>, <tender: tender object (7)>]>
5
Tenders: <QuerySet [<tender: tender object (4)>, <tender: tender object (6)>, <tender: tender object (7)>]>
5
Tenders: <QuerySet [<tender: tender object (4)>, <tender: tender object (6)>, <tender: tender object (7)>]>
5
Tenders: <QuerySet [<tender: tender object (4)>, <tender: tender object (6)>, <tender: tender object (7)>]>
5
Tenders: <QuerySet [<tender: tender object (4)>, <tender: tender object (6)>, <tender: tender object (7)>]>
5
Tenders: <QuerySet [<tender: tender object (4)>, <tender: tender object (6)>, <tender: tender object (7)>]>
5
Tenders: <QuerySet [<tender: tender object (4)>, <tender: tender object (6)>, <tender: tender object (7)>]>
5
Tenders: <QuerySet [<tender: tender object (4)>, <tender: tender object (6)>, <tender: tender object (7)>]>
5
Tenders: <QuerySet [<tender: tender object (4)>, <tender: tender object (6)>, <tender: tender object (7)>]>
5
Tenders: <QuerySet [<tender: tender object (4)>, <tender: tender object (6)>, <tender: tender object (7)>]>
5
Tenders: <QuerySet [<tender: tender object (4)>, <tender: tender object (6)>, <tender: tender object (7)>]>
5
Tenders: <QuerySet [<tender: tender object (4)>, <tender: tender object (6)>, <tender: tender object (7)>]>
5
Tenders: <QuerySet [<tender: tender object (4)>, <tender: tender object (6)>, <tender: tender object (7)>]>
5
Tenders: <QuerySet [<tender: tender object (4)>, <tender: tender object (6)>, <tender: tender object (7)>]>
5
Tenders: <QuerySet [<tender: tender object (4)>, <tender: tender object (6)>, <tender: tender object (7)>]>
5
Tenders: <QuerySet [<tender: tender object (4)>, <tender: tender object (6)>, <tender: tender object (7)>]>
5
Tenders: <QuerySet [<tender: tender object (4)>, <tender: tender object (6)>, <tender: tender object (7)>]>
5
Tenders: <QuerySet [<tender: tender object (4)>, <tender: tender object (6)>, <tender: tender object (7)>]>
5
Tenders: <QuerySet [<tender: tender object (4)>, <tender: tender object (6)>, <tender: tender object (7)>]>
5
Tenders: <QuerySet [<tender: tender object (4)>, <tender: tender object (6)>, <tender: tender object (7)>]>
5
Tenders: <QuerySet [<tender: tender object (4)>, <tender: tender object (6)>, <tender: tender object (7)>]>
5
Tenders: <QuerySet [<tender: tender object (4)>, <tender: tender object (6)>, <tender: tender object (7)>]>
5
Tenders: <QuerySet [<tender: tender object (4)>, <tender: tender object (6)>, <tender: tender object (7)>]>
5
Tenders: <QuerySet [<tender: tender object (4)>, <tender: tender object (6)>, <tender: tender object (7)>]>
5
Tenders: <QuerySet [<tender: tender object (4)>, <tender: tender object (6)>, <tender: tender object (7)>]>
5
Tenders: <QuerySet [<tender: tender object (4)>, <tender: tender object (6)>, <tender: tender object (7)>]>
5
Tenders: <QuerySet [<tender: tender object (4)>, <tender: tender object (6)>, <tender: tender object (7)>]>
5
Tenders: <QuerySet [<tender: tender object (4)>, <tender: tender object (6)>, <tender: tender object (7)>]>
5
Tenders: <QuerySet [<tender: tender object (4)>, <tender: tender object (6)>, <tender: tender object (7)>]>
5
Tenders: <QuerySet [<tender: tender object (4)>, <tender: tender object (6)>, <tender: tender object (7)>]>
5
Tenders: <QuerySet [<tender: tender object (4)>, <tender: tender object (6)>, <tender: tender object (7)>]>
5
Tenders: <QuerySet [<tender: tender object (4)>, <tender: tender object (6)>, <tender: tender object (7)>]>
5
Tenders: <QuerySet [<tender: tender object (4)>, <tender: tender object (6)>, <tender: tender object (7)>]>
5
Tenders: <QuerySet [<tender: tender object (4)>, <tender: tender object (6)>, <tender: tender object (7)>]>
5
Tenders: <QuerySet [<tender: tender object (4)>, <tender: tender object (6)>, <tender: tender object (7)>]>
5
Tenders: <QuerySet [<tender: tender object (4)>, <tender: tender object (6)>, <tender: tender object (7)>]>
5
Tenders: <QuerySet [<tender: tender object (4)>, <tender: tender object (6)>, <tender: tender object (7)>]>
5
Tenders: <QuerySet [<tender: tender object (4)>, <tender: tender object (6)>, <tender: tender object (7)>]>
5
Tenders: <QuerySet [<tender: tender object (4)>, <tender: tender object (6)>, <tender: tender object (7)>]>
5
Tenders: <QuerySet [<tender: tender object (4)>, <tender: tender object (6)>, <tender: tender object (7)>]>
5
Tenders: <QuerySet [<tender: tender object (4)>, <tender: tender object (6)>, <tender: tender object (7)>]>
5
Tenders: <QuerySet [<tender: tender object (4)>, <tender: tender object (6)>, <tender: tender object (7)>]>
5
Tenders: <QuerySet [<tender: tender object (4)>, <tender: tender object (6)>, <tender: tender object (7)>]>
5
Tenders: <QuerySet [<tender: tender object (4)>, <tender: tender object (6)>, <tender: tender object (7)>]>
5
Tenders: <QuerySet [<tender: tender object (4)>, <tender: tender object (6)>, <tender: tender object (7)>]>
5
Tenders: <QuerySet [<tender: tender object (4)>, <tender: tender object (6)>, <tender: tender object (7)>]>
5
Tenders: <QuerySet [<tender: tender object (4)>, <tender: tender object (6)>, <tender: tender object (7)>]>
5
Tenders: <QuerySet [<tender: tender object (4)>, <tender: tender object (6)>, <tender: tender object (7)>]>
5
Tenders: <QuerySet [<tender: tender object (4)>, <tender: tender object (6)>, <tender: tender object (7)>]>
5
Tenders: <QuerySet [<tender: tender object (4)>, <tender: tender object (6)>, <tender: tender object (7)>]>
5
Tenders: <QuerySet [<tender: tender object (4)>, <tender: tender object (6)>, <tender: tender object (7)>]>
5
Tenders: <QuerySet [<tender: tender object (4)>, <tender: tender object (6)>, <tender: tender object (7)>]>
5
Tenders: <QuerySet [<tender: tender object (4)>, <tender: tender object (6)>, <tender: tender object (7)>]>
5
Tenders: <QuerySet [<tender: tender object (4)>, <tender: tender object (6)>, <tender: tender object (7)>]>
5
Tenders: <QuerySet [<tender: tender object (4)>, <tender: tender object (6)>, <tender: tender object (7)>]>
5
Tenders: <QuerySet [<tender: tender object (4)>, <tender: tender object (6)>, <tender: tender object (7)>]>
5
Tenders: <QuerySet [<tender: tender object (4)>, <tender: tender object (6)>, <tender: tender object (7)>]>
5
Tenders: <QuerySet [<tender: tender object (4)>, <tender: tender object (6)>, <tender: tender object (7)>]>
5
Tenders: <QuerySet [<tender: tender object (4)>, <tender: tender object (6)>, <tender: tender object (7)>]>
5
Tenders: <QuerySet [<tender: tender object (4)>, <tender: tender object (6)>, <tender: tender object (7)>]>
5
Tenders: <QuerySet [<tender: tender object (4)>, <tender: tender object (6)>, <tender: tender object (7)>]>
5
Tenders: <QuerySet [<tender: tender object (4)>, <tender: tender object (6)>, <tender: tender object (7)>]>
5
Tenders: <QuerySet [<tender: tender object (4)>, <tender: tender object (6)>, <tender: tender object (7)>]>
5
Tenders: <QuerySet [<tender: tender object (4)>, <tender: tender object (6)>, <tender: tender object (7)>]>
5
Tenders: <QuerySet [<tender: tender object (4)>, <tender: tender object (6)>, <tender: tender object (7)>]>
5
Tenders: <QuerySet [<tender: tender object (4)>, <tender: tender object (6)>, <tender: tender object (7)>]>
5
Tenders: <QuerySet [<tender: tender object (4)>, <tender: tender object (6)>, <tender: tender object (7)>]>
5
Tenders: <QuerySet [<tender: tender object (4)>, <tender: tender object (6)>, <tender: tender object (7)>]>
5
Tenders: <QuerySet [<tender: tender object (4)>, <tender: tender object (6)>, <tender: tender object (7)>]>
5
Tenders: <QuerySet [<tender: tender object (4)>, <tender: tender object (6)>, <tender: tender object (7)>]>
5
Tenders: <QuerySet [<tender: tender object (4)>, <tender: tender object (6)>, <tender: tender object (7)>]>
5
Tenders: <QuerySet [<tender: tender object (4)>, <tender: tender object (6)>, <tender: tender object (7)>]>
5
Tenders: <QuerySet [<tender: tender object (4)>, <tender: tender object (6)>, <tender: tender object (7)>]>
5
Tenders: <QuerySet [<tender: tender object (4)>, <tender: tender object (6)>, <tender: tender object (7)>]>
5
Tenders: <QuerySet [<tender: tender object (4)>, <tender: tender object (6)>, <tender: tender object (7)>]>
5
Tenders: <QuerySet [<tender: tender object (4)>, <tender: tender object (6)>, <tender: tender object (7)>]>
5
Tenders: <QuerySet [<tender: tender object (4)>, <tender: tender object (6)>, <tender: tender object (7)>]>
5
Tenders: <QuerySet [<tender: tender object (4)>, <tender: tender object (6)>, <tender: tender object (7)>]>
5
Tenders: <QuerySet [<tender: tender object (4)>, <tender: tender object (6)>, <tender: tender object (7)>]>
5
Tenders: <QuerySet [<tender: tender object (4)>, <tender: tender object (6)>, <tender: tender object (7)>]>
5
Tenders: <QuerySet [<tender: tender object (4)>, <tender: tender object (6)>, <tender: tender object (7)>]>
5
Tenders: <QuerySet [<tender: tender object (4)>, <tender: tender object (6)>, <tender: tender object (7)>]>
5
Tenders: <QuerySet [<tender: tender object (4)>, <tender: tender object (6)>, <tender: tender object (7)>]>
5
Tenders: <QuerySet [<tender: tender object (4)>, <tender: tender object (6)>, <tender: tender object (7)>]>
5
Tenders: <QuerySet [<tender: tender object (4)>, <tender: tender object (6)>, <tender: tender object (7)>]>
5
Tenders: <QuerySet [<tender: tender object (4)>, <tender: tender object (6)>, <tender: tender object (7)>]>
5
Tenders: <QuerySet [<tender: tender object (4)>, <tender: tender object (6)>, <tender: tender object (7)>]>
5
Tenders: <QuerySet [<tender: tender object (4)>, <tender: tender object (6)>, <tender: tender object (7)>]>
5
Tenders: <QuerySet [<tender: tender object (4)>, <tender: tender object (6)>, <tender: tender object (7)>]>
5
Tenders: <QuerySet [<tender: tender object (4)>, <tender: tender object (6)>, <tender: tender object (7)>]>
5
Tenders: <QuerySet [<tender: tender object (4)>, <tender: tender object (6)>, <tender: tender object (7)>]>
5
Tenders: <QuerySet [<tender: tender object (4)>, <tender: tender object (6)>, <tender: tender object (7)>]>
5
Tenders: <QuerySet [<tender: tender object (4)>, <tender: tender object (6)>, <tender: tender object (7)>]>
5
Tenders: <QuerySet [<tender: tender object (4)>, <tender: tender object (6)>, <tender: tender object (7)>]>
5
Tenders: <QuerySet [<tender: tender object (4)>, <tender: tender object (6)>, <tender: tender object (7)>]>
5
Tenders: <QuerySet [<tender: tender object (4)>, <tender: tender object (6)>, <tender: tender object (7)>]>
5
Tenders: <QuerySet [<tender: tender object (4)>, <tender: tender object (6)>, <tender: tender object (7)>]>
5
Tenders: <QuerySet [<tender: tender object (4)>, <tender: tender object (6)>, <tender: tender object (7)>]>
5
Tenders: <QuerySet [<tender: tender object (4)>, <tender: tender object (6)>, <tender: tender object (7)>]>
5
Tenders: <QuerySet [<tender: tender object (4)>, <tender: tender object (6)>, <tender: tender object (7)>]>
5
Tenders: <QuerySet [<tender: tender object (4)>, <tender: tender object (6)>, <tender: tender object (7)>]>
5
Tenders: <QuerySet [<tender: tender object (4)>, <tender: tender object (6)>, <tender: tender object (7)>]>
5
Tenders: <QuerySet [<tender: tender object (4)>, <tender: tender object (6)>, <tender: tender object (7)>]>
5
Tenders: <QuerySet [<tender: tender object (4)>, <tender: tender object (6)>, <tender: tender object (7)>]>
5
Tenders: <QuerySet [<tender: tender object (4)>, <tender: tender object (6)>, <tender: tender object (7)>]>
5
Tenders: <QuerySet [<tender: tender object (4)>, <tender: tender object (6)>, <tender: tender object (7)>]>
5
Tenders: <QuerySet [<tender: tender object (4)>, <tender: tender object (6)>, <tender: tender object (7)>]>
5
Tenders: <QuerySet [<tender: tender object (4)>, <tender: tender object (6)>, <tender: tender object (7)>]>
5
Tenders: <QuerySet [<tender: tender object (4)>, <tender: tender object (6)>, <tender: tender object (7)>]>
5
Tenders: <QuerySet [<tender: tender object (4)>, <tender: tender object (6)>, <tender: tender object (7)>]>
5
Tenders: <QuerySet [<tender: tender object (4)>, <tender: tender object (6)>, <tender: tender object (7)>]>
5
Tenders: <QuerySet [<tender: tender object (4)>, <tender: tender object (6)>, <tender: tender object (7)>]>
5
Tenders: <QuerySet [<tender: tender object (4)>, <tender: tender object (6)>, <tender: tender object (7)>]>
5
Tenders: <QuerySet [<tender: tender object (4)>, <tender: tender object (6)>, <tender: tender object (7)>]>
5
Tenders: <QuerySet [<tender: tender object (4)>, <tender: tender object (6)>, <tender: tender object (7)>]>
5
Tenders: <QuerySet [<tender: tender object (4)>, <tender: tender object (6)>, <tender: tender object (7)>]>
5
Tenders: <QuerySet [<tender: tender object (4)>, <tender: tender object (6)>, <tender: tender object (7)>]>
5
Tenders: <QuerySet [<tender: tender object (4)>, <tender: tender object (6)>, <tender: tender object (7)>]>
5
Tenders: <QuerySet [<tender: tender object (8)>, <tender: tender object (9)>]>
5
Tenders: <QuerySet [<tender: tender object (8)>, <tender: tender object (9)>]>
5
Tenders: <QuerySet [<tender: tender object (8)>, <tender: tender object (9)>]>
5
Tenders: <QuerySet [<tender: tender object (8)>, <tender: tender object (9)>]>
5
Tenders: <QuerySet [<tender: tender object (8)>, <tender: tender object (9)>]>
5
Tenders: <QuerySet [<tender: tender object (8)>, <tender: tender object (9)>]>
5
Tenders: <QuerySet [<tender: tender object (8)>, <tender: tender object (9)>]>
5
Tenders: <QuerySet [<tender: tender object (8)>, <tender: tender object (9)>]>
5
Tenders: <QuerySet [<tender: tender object (8)>, <tender: tender object (9)>]>
5
Tenders: <QuerySet [<tender: tender object (8)>, <tender: tender object (9)>]>
5
Tenders: <QuerySet [<tender: tender object (8)>, <tender: tender object (9)>]>
5
Tenders: <QuerySet [<tender: tender object (8)>, <tender: tender object (9)>]>
5
Tenders: <QuerySet [<tender: tender object (8)>, <tender: tender object (9)>]>
5
Tenders: <QuerySet [<tender: tender object (8)>, <tender: tender object (9)>]>
5
Tenders: <QuerySet [<tender: tender object (8)>, <tender: tender object (9)>]>
5
Tenders: <QuerySet [<tender: tender object (8)>, <tender: tender object (9)>]>
5
Tenders: <QuerySet [<tender: tender object (8)>, <tender: tender object (9)>]>
5
Tenders: <QuerySet [<tender: tender object (8)>, <tender: tender object (9)>]>
5
Tenders: <QuerySet [<tender: tender object (8)>, <tender: tender object (9)>]>
5
Tenders: <QuerySet [<tender: tender object (8)>, <tender: tender object (9)>]>
5
Tenders: <QuerySet [<tender: tender object (8)>, <tender: tender object (9)>]>
5
Tenders: <QuerySet [<tender: tender object (8)>, <tender: tender object (9)>]>
5
Tenders: <QuerySet [<tender: tender object (8)>, <tender: tender object (9)>]>
5
Tenders: <QuerySet [<tender: tender object (8)>, <tender: tender object (9)>]>
5
Tenders: <QuerySet [<tender: tender object (8)>, <tender: tender object (9)>]>
5
Tenders: <QuerySet [<tender: tender object (8)>, <tender: tender object (9)>]>
5
Tenders: <QuerySet [<tender: tender object (8)>, <tender: tender object (9)>]>
5
Tenders: <QuerySet [<tender: tender object (8)>, <tender: tender object (9)>]>
5
Tenders: <QuerySet [<tender: tender object (8)>, <tender: tender object (9)>]>
5
Tenders: <QuerySet [<tender: tender object (8)>, <tender: tender object (9)>, <tender: tender object (10)>, <tender: tender object (11)>]>
tender:tender object (8)
tender:tender object (9)
tender:tender object (9)
tender:tender object (9)
tender:tender object (9)
tender:tender object (9)
tender:tender object (9)
tender:tender object (9)
tender:tender object (9)
tender:tender object (9)
tender:tender object (9)
tender:tender object (9)
tender:tender object (9)
tender:tender object (9)
tender:tender object (9)
tender:tender object (9)
tender:tender object (9)
tender:tender object (9)
tender:tender object (9)
5
Tenders: <QuerySet [<tender: tender object (8)>, <tender: tender object (9)>, <tender: tender object (10)>, <tender: tender object (11)>]>
tender:tender object (10)
tender:tender object (10)
tender:tender object (10)
tender:tender object (10)
tender:tender object (10)
tender:tender object (10)
tender:tender object (10)
tender:tender object (10)
tender:tender object (10)
tender:tender object (10)
5
Tenders: <QuerySet [<tender: tender object (8)>, <tender: tender object (9)>, <tender: tender object (10)>, <tender: tender object (11)>]>
5
Tenders: <QuerySet [<tender: tender object (8)>, <tender: tender object (9)>, <tender: tender object (10)>, <tender: tender object (11)>]>
tender:tender object (8)
5
Tenders: <QuerySet [<tender: tender object (8)>, <tender: tender object (9)>, <tender: tender object (10)>, <tender: tender object (11)>]>
5
Tenders: <QuerySet [<tender: tender object (8)>, <tender: tender object (9)>, <tender: tender object (10)>, <tender: tender object (11)>]>
5
Tenders: <QuerySet [<tender: tender object (8)>, <tender: tender object (9)>, <tender: tender object (10)>, <tender: tender object (11)>]>
5
Tenders: <QuerySet [<tender: tender object (8)>, <tender: tender object (9)>, <tender: tender object (10)>, <tender: tender object (11)>]>
tender:tender object (8)
tender:tender object (8)
tender:tender object (8)
tender:tender object (9)
tender:tender object (9)
tender:tender object (9)
tender:tender object (9)
tender:tender object (9)
tender:tender object (9)
tender:tender object (9)
tender:tender object (9)
5
Tenders: <QuerySet [<tender: tender object (8)>, <tender: tender object (9)>, <tender: tender object (10)>, <tender: tender object (11)>]>
tender:tender object (8)
tender:tender object (8)
tender:tender object (8)
tender:tender object (8)
tender:tender object (8)
tender:tender object (8)
tender:tender object (8)
5
Tenders: <QuerySet [<tender: tender object (8)>, <tender: tender object (9)>, <tender: tender object (10)>, <tender: tender object (11)>]>
tender:tender object (11)
tender:tender object (11)
Not Found: /viewBidDetails/
Not Found: /favicon.ico
tender:tender object (11)
5
Tenders: <QuerySet [<tender: tender object (8)>, <tender: tender object (9)>, <tender: tender object (10)>, <tender: tender object (11)>]>
tender:tender object (11)
tender:tender object (11)
5
Tenders: <QuerySet [<tender: tender object (8)>, <tender: tender object (9)>, <tender: tender object (10)>, <tender: tender object (11)>]>
tender:tender object (8)
5
Tenders: <QuerySet [<tender: tender object (8)>, <tender: tender object (9)>, <tender: tender object (10)>, <tender: tender object (11)>]>
tender:tender object (8)
tender:tender object (8)
Internal Server Error: /login/
Traceback (most recent call last):
  File "C:\Users\Alice\anaconda3\Lib\site-packages\django\core\handlers\exception.py", line 55, in inner
    response = get_response(request)
               ^^^^^^^^^^^^^^^^^^^^^
  File "C:\Users\Alice\anaconda3\Lib\site-packages\django\core\handlers\base.py", line 197, in _get_response
    response = wrapped_callback(request, *callback_args, **callback_kwargs)
               ^^^^^^^^^^^^^^^^^^^^^^^^^^^^^^^^^^^^^^^^^^^^^^^^^^^^^^^^^^^^
  File "F:\2024\pythonWork\blockchain\eadmin\views.py", line 24, in login
    particpant = particpants.objects.get(email=email)
                 ^^^^^^^^^^^^^^^^^^^^^^^^^^^^^^^^^^^^
  File "C:\Users\Alice\anaconda3\Lib\site-packages\django\db\models\manager.py", line 87, in manager_method
    return getattr(self.get_queryset(), name)(*args, **kwargs)
           ^^^^^^^^^^^^^^^^^^^^^^^^^^^^^^^^^^^^^^^^^^^^^^^^^^^
  File "C:\Users\Alice\anaconda3\Lib\site-packages\django\db\models\query.py", line 650, in get
    raise self.model.MultipleObjectsReturned(
eadmin.models.particpants.MultipleObjectsReturned: get() returned more than one particpants -- it returned 3!
Not Found: /favicon.ico
3
Tenders: <QuerySet [<tender: tender object (8)>, <tender: tender object (9)>, <tender: tender object (10)>, <tender: tender object (11)>]>
tender:tender object (8)
tender:tender object (8)
tender:tender object (8)
tender:tender object (8)
tender:tender object (8)
tender:tender object (8)
tender:tender object (8)
tender:tender object (8)
tender:tender object (8)
tender:tender object (8)
tender:tender object (8)
tender:tender object (8)
tender:tender object (8)
tender:tender object (8)
tender:tender object (8)
3
Tenders: <QuerySet [<tender: tender object (8)>, <tender: tender object (9)>, <tender: tender object (10)>, <tender: tender object (11)>]>
tender:tender object (8)
tender:tender object (8)
tender:tender object (8)
tender:tender object (8)
tender:tender object (8)
tender:tender object (8)
tender:tender object (8)
tender:tender object (8)
tender:tender object (8)
Internal Server Error: /viewBidDetails/8/
Traceback (most recent call last):
  File "C:\Users\Alice\anaconda3\Lib\site-packages\django\core\handlers\exception.py", line 55, in inner
    response = get_response(request)
               ^^^^^^^^^^^^^^^^^^^^^
  File "C:\Users\Alice\anaconda3\Lib\site-packages\django\core\handlers\base.py", line 197, in _get_response
    response = wrapped_callback(request, *callback_args, **callback_kwargs)
               ^^^^^^^^^^^^^^^^^^^^^^^^^^^^^^^^^^^^^^^^^^^^^^^^^^^^^^^^^^^^
  File "F:\2024\pythonWork\blockchain\eadmin\views.py", line 68, in getBidDetails
    return render(request,'e-participant/tenderDetails.html',{'tenderDetails':tenders,'block_list': bl_block, 'participant_info': participant_info})
           ^^^^^^^^^^^^^^^^^^^^^^^^^^^^^^^^^^^^^^^^^^^^^^^^^^^^^^^^^^^^^^^^^^^^^^^^^^^^^^^^^^^^^^^^^^^^^^^^^^^^^^^^^^^^^^^^^^^^^^^^^^^^^^^^^^^^^^^^^
  File "C:\Users\Alice\anaconda3\Lib\site-packages\django\shortcuts.py", line 24, in render
    content = loader.render_to_string(template_name, context, request, using=using)
              ^^^^^^^^^^^^^^^^^^^^^^^^^^^^^^^^^^^^^^^^^^^^^^^^^^^^^^^^^^^^^^^^^^^^^
  File "C:\Users\Alice\anaconda3\Lib\site-packages\django\template\loader.py", line 61, in render_to_string
    template = get_template(template_name, using=using)
               ^^^^^^^^^^^^^^^^^^^^^^^^^^^^^^^^^^^^^^^^
  File "C:\Users\Alice\anaconda3\Lib\site-packages\django\template\loader.py", line 15, in get_template
    return engine.get_template(template_name)
           ^^^^^^^^^^^^^^^^^^^^^^^^^^^^^^^^^^
  File "C:\Users\Alice\anaconda3\Lib\site-packages\django\template\backends\django.py", line 33, in get_template
    return Template(self.engine.get_template(template_name), self)
                    ^^^^^^^^^^^^^^^^^^^^^^^^^^^^^^^^^^^^^^^
  File "C:\Users\Alice\anaconda3\Lib\site-packages\django\template\engine.py", line 175, in get_template
    template, origin = self.find_template(template_name)
                       ^^^^^^^^^^^^^^^^^^^^^^^^^^^^^^^^^
  File "C:\Users\Alice\anaconda3\Lib\site-packages\django\template\engine.py", line 157, in find_template
    template = loader.get_template(name, skip=skip)
               ^^^^^^^^^^^^^^^^^^^^^^^^^^^^^^^^^^^^
  File "C:\Users\Alice\anaconda3\Lib\site-packages\django\template\loaders\cached.py", line 57, in get_template
    template = super().get_template(template_name, skip)
               ^^^^^^^^^^^^^^^^^^^^^^^^^^^^^^^^^^^^^^^^^
  File "C:\Users\Alice\anaconda3\Lib\site-packages\django\template\loaders\base.py", line 28, in get_template
    return Template(
           ^^^^^^^^^
  File "C:\Users\Alice\anaconda3\Lib\site-packages\django\template\base.py", line 154, in __init__
    self.nodelist = self.compile_nodelist()
                    ^^^^^^^^^^^^^^^^^^^^^^^
  File "C:\Users\Alice\anaconda3\Lib\site-packages\django\template\base.py", line 196, in compile_nodelist
    return parser.parse()
           ^^^^^^^^^^^^^^
  File "C:\Users\Alice\anaconda3\Lib\site-packages\django\template\base.py", line 510, in parse
    raise self.error(token, e)
  File "C:\Users\Alice\anaconda3\Lib\site-packages\django\template\base.py", line 508, in parse
    compiled_result = compile_func(self, token)
                      ^^^^^^^^^^^^^^^^^^^^^^^^^
  File "C:\Users\Alice\anaconda3\Lib\site-packages\django\template\loader_tags.py", line 295, in do_extends
    nodelist = parser.parse()
               ^^^^^^^^^^^^^^
  File "C:\Users\Alice\anaconda3\Lib\site-packages\django\template\base.py", line 510, in parse
    raise self.error(token, e)
  File "C:\Users\Alice\anaconda3\Lib\site-packages\django\template\base.py", line 508, in parse
    compiled_result = compile_func(self, token)
                      ^^^^^^^^^^^^^^^^^^^^^^^^^
  File "C:\Users\Alice\anaconda3\Lib\site-packages\django\template\loader_tags.py", line 234, in do_block
    nodelist = parser.parse(("endblock",))
               ^^^^^^^^^^^^^^^^^^^^^^^^^^^
  File "C:\Users\Alice\anaconda3\Lib\site-packages\django\template\base.py", line 510, in parse
    raise self.error(token, e)
  File "C:\Users\Alice\anaconda3\Lib\site-packages\django\template\base.py", line 508, in parse
    compiled_result = compile_func(self, token)
                      ^^^^^^^^^^^^^^^^^^^^^^^^^
  File "C:\Users\Alice\anaconda3\Lib\site-packages\django\template\defaulttags.py", line 860, in do_for
    nodelist_loop = parser.parse(
                    ^^^^^^^^^^^^^
  File "C:\Users\Alice\anaconda3\Lib\site-packages\django\template\base.py", line 481, in parse
    raise self.error(token, e)
  File "C:\Users\Alice\anaconda3\Lib\site-packages\django\template\base.py", line 479, in parse
    filter_expression = self.compile_filter(token.contents)
                        ^^^^^^^^^^^^^^^^^^^^^^^^^^^^^^^^^^^
  File "C:\Users\Alice\anaconda3\Lib\site-packages\django\template\base.py", line 597, in compile_filter
    return FilterExpression(token, self)
           ^^^^^^^^^^^^^^^^^^^^^^^^^^^^^
  File "C:\Users\Alice\anaconda3\Lib\site-packages\django\template\base.py", line 698, in __init__
    raise TemplateSyntaxError(
django.template.exceptions.TemplateSyntaxError: Could not parse the remainder: '['userid']' from 'blocks.data['userid']'
tender:tender object (8)
tender:tender object (8)
tender:tender object (8)
tender:tender object (8)
tender:tender object (8)
tender:tender object (8)
tender:tender object (8)
tender:tender object (8)
tender:tender object (8)
tender:tender object (8)
tender:tender object (8)
tender:tender object (8)
tender:tender object (8)
tender:tender object (8)
tender:tender object (8)
tender:tender object (8)
tender:tender object (8)
tender:tender object (8)
tender:tender object (8)
tender:tender object (8)
tender:tender object (8)
tender:tender object (8)
tender:tender object (8)
tender:tender object (8)
tender:tender object (8)
tender:tender object (8)
tender:tender object (8)
tender:tender object (8)
tender:tender object (8)
tender:tender object (8)
tender:tender object (8)
tender:tender object (8)
Internal Server Error: /viewBidDetails/8/
Traceback (most recent call last):
  File "C:\Users\Alice\anaconda3\Lib\site-packages\django\core\handlers\exception.py", line 55, in inner
    response = get_response(request)
               ^^^^^^^^^^^^^^^^^^^^^
  File "C:\Users\Alice\anaconda3\Lib\site-packages\django\core\handlers\base.py", line 197, in _get_response
    response = wrapped_callback(request, *callback_args, **callback_kwargs)
               ^^^^^^^^^^^^^^^^^^^^^^^^^^^^^^^^^^^^^^^^^^^^^^^^^^^^^^^^^^^^
  File "F:\2024\pythonWork\blockchain\eadmin\views.py", line 64, in getBidDetails
    bl_block = displayBlockchain_blocks(tender_id)
               ^^^^^^^^^^^^^^^^^^^^^^^^^^^^^^^^^^^
  File "F:\2024\pythonWork\blockchain\eadmin\views.py", line 124, in displayBlockchain_blocks
    print(blocks.data['userid'])
          ^^^^^^^^^^^
AttributeError: 'QuerySet' object has no attribute 'data'
tender:tender object (8)
Internal Server Error: /viewBidDetails/8/
Traceback (most recent call last):
  File "C:\Users\Alice\anaconda3\Lib\site-packages\django\core\handlers\exception.py", line 55, in inner
    response = get_response(request)
               ^^^^^^^^^^^^^^^^^^^^^
  File "C:\Users\Alice\anaconda3\Lib\site-packages\django\core\handlers\base.py", line 197, in _get_response
    response = wrapped_callback(request, *callback_args, **callback_kwargs)
               ^^^^^^^^^^^^^^^^^^^^^^^^^^^^^^^^^^^^^^^^^^^^^^^^^^^^^^^^^^^^
  File "F:\2024\pythonWork\blockchain\eadmin\views.py", line 68, in getBidDetails
    return render(request,'e-participant/tenderDetails.html',{'tenderDetails':tenders,'block_list': bl_block, 'participant_info': participant_info})
           ^^^^^^^^^^^^^^^^^^^^^^^^^^^^^^^^^^^^^^^^^^^^^^^^^^^^^^^^^^^^^^^^^^^^^^^^^^^^^^^^^^^^^^^^^^^^^^^^^^^^^^^^^^^^^^^^^^^^^^^^^^^^^^^^^^^^^^^^^
  File "C:\Users\Alice\anaconda3\Lib\site-packages\django\shortcuts.py", line 24, in render
    content = loader.render_to_string(template_name, context, request, using=using)
              ^^^^^^^^^^^^^^^^^^^^^^^^^^^^^^^^^^^^^^^^^^^^^^^^^^^^^^^^^^^^^^^^^^^^^
  File "C:\Users\Alice\anaconda3\Lib\site-packages\django\template\loader.py", line 61, in render_to_string
    template = get_template(template_name, using=using)
               ^^^^^^^^^^^^^^^^^^^^^^^^^^^^^^^^^^^^^^^^
  File "C:\Users\Alice\anaconda3\Lib\site-packages\django\template\loader.py", line 15, in get_template
    return engine.get_template(template_name)
           ^^^^^^^^^^^^^^^^^^^^^^^^^^^^^^^^^^
  File "C:\Users\Alice\anaconda3\Lib\site-packages\django\template\backends\django.py", line 33, in get_template
    return Template(self.engine.get_template(template_name), self)
                    ^^^^^^^^^^^^^^^^^^^^^^^^^^^^^^^^^^^^^^^
  File "C:\Users\Alice\anaconda3\Lib\site-packages\django\template\engine.py", line 175, in get_template
    template, origin = self.find_template(template_name)
                       ^^^^^^^^^^^^^^^^^^^^^^^^^^^^^^^^^
  File "C:\Users\Alice\anaconda3\Lib\site-packages\django\template\engine.py", line 157, in find_template
    template = loader.get_template(name, skip=skip)
               ^^^^^^^^^^^^^^^^^^^^^^^^^^^^^^^^^^^^
  File "C:\Users\Alice\anaconda3\Lib\site-packages\django\template\loaders\cached.py", line 57, in get_template
    template = super().get_template(template_name, skip)
               ^^^^^^^^^^^^^^^^^^^^^^^^^^^^^^^^^^^^^^^^^
  File "C:\Users\Alice\anaconda3\Lib\site-packages\django\template\loaders\base.py", line 28, in get_template
    return Template(
           ^^^^^^^^^
  File "C:\Users\Alice\anaconda3\Lib\site-packages\django\template\base.py", line 154, in __init__
    self.nodelist = self.compile_nodelist()
                    ^^^^^^^^^^^^^^^^^^^^^^^
  File "C:\Users\Alice\anaconda3\Lib\site-packages\django\template\base.py", line 196, in compile_nodelist
    return parser.parse()
           ^^^^^^^^^^^^^^
  File "C:\Users\Alice\anaconda3\Lib\site-packages\django\template\base.py", line 510, in parse
    raise self.error(token, e)
  File "C:\Users\Alice\anaconda3\Lib\site-packages\django\template\base.py", line 508, in parse
    compiled_result = compile_func(self, token)
                      ^^^^^^^^^^^^^^^^^^^^^^^^^
  File "C:\Users\Alice\anaconda3\Lib\site-packages\django\template\loader_tags.py", line 295, in do_extends
    nodelist = parser.parse()
               ^^^^^^^^^^^^^^
  File "C:\Users\Alice\anaconda3\Lib\site-packages\django\template\base.py", line 510, in parse
    raise self.error(token, e)
  File "C:\Users\Alice\anaconda3\Lib\site-packages\django\template\base.py", line 508, in parse
    compiled_result = compile_func(self, token)
                      ^^^^^^^^^^^^^^^^^^^^^^^^^
  File "C:\Users\Alice\anaconda3\Lib\site-packages\django\template\loader_tags.py", line 234, in do_block
    nodelist = parser.parse(("endblock",))
               ^^^^^^^^^^^^^^^^^^^^^^^^^^^
  File "C:\Users\Alice\anaconda3\Lib\site-packages\django\template\base.py", line 510, in parse
    raise self.error(token, e)
  File "C:\Users\Alice\anaconda3\Lib\site-packages\django\template\base.py", line 508, in parse
    compiled_result = compile_func(self, token)
                      ^^^^^^^^^^^^^^^^^^^^^^^^^
  File "C:\Users\Alice\anaconda3\Lib\site-packages\django\template\defaulttags.py", line 860, in do_for
    nodelist_loop = parser.parse(
                    ^^^^^^^^^^^^^
  File "C:\Users\Alice\anaconda3\Lib\site-packages\django\template\base.py", line 510, in parse
    raise self.error(token, e)
  File "C:\Users\Alice\anaconda3\Lib\site-packages\django\template\base.py", line 508, in parse
    compiled_result = compile_func(self, token)
                      ^^^^^^^^^^^^^^^^^^^^^^^^^
  File "C:\Users\Alice\anaconda3\Lib\site-packages\django\template\defaulttags.py", line 1489, in do_with
    extra_context = token_kwargs(remaining_bits, parser, support_legacy=True)
                    ^^^^^^^^^^^^^^^^^^^^^^^^^^^^^^^^^^^^^^^^^^^^^^^^^^^^^^^^^
  File "C:\Users\Alice\anaconda3\Lib\site-packages\django\template\base.py", line 1111, in token_kwargs
    kwargs[key] = parser.compile_filter(value)
                  ^^^^^^^^^^^^^^^^^^^^^^^^^^^^
  File "C:\Users\Alice\anaconda3\Lib\site-packages\django\template\base.py", line 597, in compile_filter
    return FilterExpression(token, self)
           ^^^^^^^^^^^^^^^^^^^^^^^^^^^^^
  File "C:\Users\Alice\anaconda3\Lib\site-packages\django\template\base.py", line 693, in __init__
    filter_func = parser.find_filter(filter_name)
                  ^^^^^^^^^^^^^^^^^^^^^^^^^^^^^^^
  File "C:\Users\Alice\anaconda3\Lib\site-packages\django\template\base.py", line 603, in find_filter
    raise TemplateSyntaxError("Invalid filter: '%s'" % filter_name)
django.template.exceptions.TemplateSyntaxError: Invalid filter: 'json_loads'
tender:tender object (8)
tender:tender object (8)
tender:tender object (8)
Internal Server Error: /viewBidDetails/8/
Traceback (most recent call last):
  File "C:\Users\Alice\anaconda3\Lib\site-packages\django\core\handlers\exception.py", line 55, in inner
    response = get_response(request)
               ^^^^^^^^^^^^^^^^^^^^^
  File "C:\Users\Alice\anaconda3\Lib\site-packages\django\core\handlers\base.py", line 197, in _get_response
    response = wrapped_callback(request, *callback_args, **callback_kwargs)
               ^^^^^^^^^^^^^^^^^^^^^^^^^^^^^^^^^^^^^^^^^^^^^^^^^^^^^^^^^^^^
  File "F:\2024\pythonWork\blockchain\eadmin\views.py", line 64, in getBidDetails
    bl_block = displayBlockchain_blocks(tender_id)
               ^^^^^^^^^^^^^^^^^^^^^^^^^^^^^^^^^^^
  File "F:\2024\pythonWork\blockchain\eadmin\views.py", line 125, in displayBlockchain_blocks
    print(bb.data['userid'])
          ~~~~~~~^^^^^^^^^^
KeyError: 'userid'
tender:tender object (8)
Internal Server Error: /viewBidDetails/8/
Traceback (most recent call last):
  File "C:\Users\Alice\anaconda3\Lib\site-packages\django\core\handlers\exception.py", line 55, in inner
    response = get_response(request)
               ^^^^^^^^^^^^^^^^^^^^^
  File "C:\Users\Alice\anaconda3\Lib\site-packages\django\core\handlers\base.py", line 197, in _get_response
    response = wrapped_callback(request, *callback_args, **callback_kwargs)
               ^^^^^^^^^^^^^^^^^^^^^^^^^^^^^^^^^^^^^^^^^^^^^^^^^^^^^^^^^^^^
  File "F:\2024\pythonWork\blockchain\eadmin\views.py", line 64, in getBidDetails
    bl_block = displayBlockchain_blocks(tender_id)
               ^^^^^^^^^^^^^^^^^^^^^^^^^^^^^^^^^^^
  File "F:\2024\pythonWork\blockchain\eadmin\views.py", line 125, in displayBlockchain_blocks
    print(bb.data.userid)
          ^^^^^^^^^^^^^^
AttributeError: 'dict' object has no attribute 'userid'
tender:tender object (8)
Internal Server Error: /viewBidDetails/8/
Traceback (most recent call last):
  File "C:\Users\Alice\anaconda3\Lib\site-packages\django\core\handlers\exception.py", line 55, in inner
    response = get_response(request)
               ^^^^^^^^^^^^^^^^^^^^^
  File "C:\Users\Alice\anaconda3\Lib\site-packages\django\core\handlers\base.py", line 197, in _get_response
    response = wrapped_callback(request, *callback_args, **callback_kwargs)
               ^^^^^^^^^^^^^^^^^^^^^^^^^^^^^^^^^^^^^^^^^^^^^^^^^^^^^^^^^^^^
  File "F:\2024\pythonWork\blockchain\eadmin\views.py", line 64, in getBidDetails
    bl_block = displayBlockchain_blocks(tender_id)
               ^^^^^^^^^^^^^^^^^^^^^^^^^^^^^^^^^^^
  File "F:\2024\pythonWork\blockchain\eadmin\views.py", line 125, in displayBlockchain_blocks
    obj = json.loads(bb.data)
         ^^^^^^^^^^^^^^^^^^^
  File "C:\Users\Alice\anaconda3\Lib\json\__init__.py", line 339, in loads
    raise TypeError(f'the JSON object must be str, bytes or bytearray, '
TypeError: the JSON object must be str, bytes or bytearray, not dict
tender:tender object (8)
Internal Server Error: /viewBidDetails/8/
Traceback (most recent call last):
  File "C:\Users\Alice\anaconda3\Lib\site-packages\django\core\handlers\exception.py", line 55, in inner
    response = get_response(request)
               ^^^^^^^^^^^^^^^^^^^^^
  File "C:\Users\Alice\anaconda3\Lib\site-packages\django\core\handlers\base.py", line 197, in _get_response
    response = wrapped_callback(request, *callback_args, **callback_kwargs)
               ^^^^^^^^^^^^^^^^^^^^^^^^^^^^^^^^^^^^^^^^^^^^^^^^^^^^^^^^^^^^
  File "F:\2024\pythonWork\blockchain\eadmin\views.py", line 64, in getBidDetails
    bl_block = displayBlockchain_blocks(tender_id)
               ^^^^^^^^^^^^^^^^^^^^^^^^^^^^^^^^^^^
  File "F:\2024\pythonWork\blockchain\eadmin\views.py", line 125, in displayBlockchain_blocks
    obj = json.loads(bb.data)
         ^^^^^^^^^^^^^^^^^^^
  File "C:\Users\Alice\anaconda3\Lib\json\__init__.py", line 339, in loads
    raise TypeError(f'the JSON object must be str, bytes or bytearray, '
TypeError: the JSON object must be str, bytes or bytearray, not dict
tender:tender object (8)
tender:tender object (8)
tender:tender object (8)
Internal Server Error: /viewBidDetails/8/
Traceback (most recent call last):
  File "C:\Users\Alice\anaconda3\Lib\site-packages\django\core\handlers\exception.py", line 55, in inner
    response = get_response(request)
               ^^^^^^^^^^^^^^^^^^^^^
  File "C:\Users\Alice\anaconda3\Lib\site-packages\django\core\handlers\base.py", line 197, in _get_response
    response = wrapped_callback(request, *callback_args, **callback_kwargs)
               ^^^^^^^^^^^^^^^^^^^^^^^^^^^^^^^^^^^^^^^^^^^^^^^^^^^^^^^^^^^^
  File "F:\2024\pythonWork\blockchain\eadmin\views.py", line 66, in getBidDetails
    isTenderCotatedByUser(tender_id)
  File "F:\2024\pythonWork\blockchain\eadmin\views.py", line 128, in isTenderCotatedByUser
    blocks=Blockchain.objects.filter(tenderid=tender_id)
                                              ^^^^^^^^^
NameError: name 'tender_id' is not defined
tender:tender object (8)
tender:tender object (8)
tender:tender object (8)
tender:tender object (8)
tender:tender object (8)
Internal Server Error: /viewBidDetails/8/
Traceback (most recent call last):
  File "C:\Users\Alice\anaconda3\Lib\site-packages\django\template\smartif.py", line 179, in translate_token
    op = OPERATORS[token]
         ~~~~~~~~~^^^^^^^
KeyError: 'blocks.userid==participant_info.id'

During handling of the above exception, another exception occurred:

Traceback (most recent call last):
  File "C:\Users\Alice\anaconda3\Lib\site-packages\django\core\handlers\exception.py", line 55, in inner
    response = get_response(request)
               ^^^^^^^^^^^^^^^^^^^^^
  File "C:\Users\Alice\anaconda3\Lib\site-packages\django\core\handlers\base.py", line 197, in _get_response
    response = wrapped_callback(request, *callback_args, **callback_kwargs)
               ^^^^^^^^^^^^^^^^^^^^^^^^^^^^^^^^^^^^^^^^^^^^^^^^^^^^^^^^^^^^
  File "F:\2024\pythonWork\blockchain\eadmin\views.py", line 67, in getBidDetails
    return render(request,'e-participant/tenderDetails.html',{'tenderDetails':tenders,'block_list': bl_block, 'participant_info': participant_info})
           ^^^^^^^^^^^^^^^^^^^^^^^^^^^^^^^^^^^^^^^^^^^^^^^^^^^^^^^^^^^^^^^^^^^^^^^^^^^^^^^^^^^^^^^^^^^^^^^^^^^^^^^^^^^^^^^^^^^^^^^^^^^^^^^^^^^^^^^^^
  File "C:\Users\Alice\anaconda3\Lib\site-packages\django\shortcuts.py", line 24, in render
    content = loader.render_to_string(template_name, context, request, using=using)
              ^^^^^^^^^^^^^^^^^^^^^^^^^^^^^^^^^^^^^^^^^^^^^^^^^^^^^^^^^^^^^^^^^^^^^
  File "C:\Users\Alice\anaconda3\Lib\site-packages\django\template\loader.py", line 61, in render_to_string
    template = get_template(template_name, using=using)
               ^^^^^^^^^^^^^^^^^^^^^^^^^^^^^^^^^^^^^^^^
  File "C:\Users\Alice\anaconda3\Lib\site-packages\django\template\loader.py", line 15, in get_template
    return engine.get_template(template_name)
           ^^^^^^^^^^^^^^^^^^^^^^^^^^^^^^^^^^
  File "C:\Users\Alice\anaconda3\Lib\site-packages\django\template\backends\django.py", line 33, in get_template
    return Template(self.engine.get_template(template_name), self)
                    ^^^^^^^^^^^^^^^^^^^^^^^^^^^^^^^^^^^^^^^
  File "C:\Users\Alice\anaconda3\Lib\site-packages\django\template\engine.py", line 175, in get_template
    template, origin = self.find_template(template_name)
                       ^^^^^^^^^^^^^^^^^^^^^^^^^^^^^^^^^
  File "C:\Users\Alice\anaconda3\Lib\site-packages\django\template\engine.py", line 157, in find_template
    template = loader.get_template(name, skip=skip)
               ^^^^^^^^^^^^^^^^^^^^^^^^^^^^^^^^^^^^
  File "C:\Users\Alice\anaconda3\Lib\site-packages\django\template\loaders\cached.py", line 57, in get_template
    template = super().get_template(template_name, skip)
               ^^^^^^^^^^^^^^^^^^^^^^^^^^^^^^^^^^^^^^^^^
  File "C:\Users\Alice\anaconda3\Lib\site-packages\django\template\loaders\base.py", line 28, in get_template
    return Template(
           ^^^^^^^^^
  File "C:\Users\Alice\anaconda3\Lib\site-packages\django\template\base.py", line 154, in __init__
    self.nodelist = self.compile_nodelist()
                    ^^^^^^^^^^^^^^^^^^^^^^^
  File "C:\Users\Alice\anaconda3\Lib\site-packages\django\template\base.py", line 196, in compile_nodelist
    return parser.parse()
           ^^^^^^^^^^^^^^
  File "C:\Users\Alice\anaconda3\Lib\site-packages\django\template\base.py", line 510, in parse
    raise self.error(token, e)
  File "C:\Users\Alice\anaconda3\Lib\site-packages\django\template\base.py", line 508, in parse
    compiled_result = compile_func(self, token)
                      ^^^^^^^^^^^^^^^^^^^^^^^^^
  File "C:\Users\Alice\anaconda3\Lib\site-packages\django\template\loader_tags.py", line 295, in do_extends
    nodelist = parser.parse()
               ^^^^^^^^^^^^^^
  File "C:\Users\Alice\anaconda3\Lib\site-packages\django\template\base.py", line 510, in parse
    raise self.error(token, e)
  File "C:\Users\Alice\anaconda3\Lib\site-packages\django\template\base.py", line 508, in parse
    compiled_result = compile_func(self, token)
                      ^^^^^^^^^^^^^^^^^^^^^^^^^
  File "C:\Users\Alice\anaconda3\Lib\site-packages\django\template\loader_tags.py", line 234, in do_block
    nodelist = parser.parse(("endblock",))
               ^^^^^^^^^^^^^^^^^^^^^^^^^^^
  File "C:\Users\Alice\anaconda3\Lib\site-packages\django\template\base.py", line 510, in parse
    raise self.error(token, e)
  File "C:\Users\Alice\anaconda3\Lib\site-packages\django\template\base.py", line 508, in parse
    compiled_result = compile_func(self, token)
                      ^^^^^^^^^^^^^^^^^^^^^^^^^
  File "C:\Users\Alice\anaconda3\Lib\site-packages\django\template\defaulttags.py", line 860, in do_for
    nodelist_loop = parser.parse(
                    ^^^^^^^^^^^^^
  File "C:\Users\Alice\anaconda3\Lib\site-packages\django\template\base.py", line 510, in parse
    raise self.error(token, e)
  File "C:\Users\Alice\anaconda3\Lib\site-packages\django\template\base.py", line 508, in parse
    compiled_result = compile_func(self, token)
                      ^^^^^^^^^^^^^^^^^^^^^^^^^
  File "C:\Users\Alice\anaconda3\Lib\site-packages\django\template\defaulttags.py", line 959, in do_if
    condition = TemplateIfParser(parser, bits).parse()
                ^^^^^^^^^^^^^^^^^^^^^^^^^^^^^^
  File "C:\Users\Alice\anaconda3\Lib\site-packages\django\template\defaulttags.py", line 892, in __init__
    super().__init__(*args, **kwargs)
  File "C:\Users\Alice\anaconda3\Lib\site-packages\django\template\smartif.py", line 170, in __init__
    mapped_tokens.append(self.translate_token(token))
                         ^^^^^^^^^^^^^^^^^^^^^^^^^^^
  File "C:\Users\Alice\anaconda3\Lib\site-packages\django\template\smartif.py", line 181, in translate_token
    return self.create_var(token)
           ^^^^^^^^^^^^^^^^^^^^^^
  File "C:\Users\Alice\anaconda3\Lib\site-packages\django\template\defaulttags.py", line 895, in create_var
    return TemplateLiteral(self.template_parser.compile_filter(value), value)
                           ^^^^^^^^^^^^^^^^^^^^^^^^^^^^^^^^^^^^^^^^^^
  File "C:\Users\Alice\anaconda3\Lib\site-packages\django\template\base.py", line 597, in compile_filter
    return FilterExpression(token, self)
           ^^^^^^^^^^^^^^^^^^^^^^^^^^^^^
  File "C:\Users\Alice\anaconda3\Lib\site-packages\django\template\base.py", line 698, in __init__
    raise TemplateSyntaxError(
django.template.exceptions.TemplateSyntaxError: Could not parse the remainder: '==participant_info.id' from 'blocks.userid==participant_info.id'
tender:tender object (8)
tender:tender object (8)
tender:tender object (8)
Internal Server Error: /viewBidDetails/8/
Traceback (most recent call last):
  File "C:\Users\Alice\anaconda3\Lib\site-packages\django\template\smartif.py", line 179, in translate_token
    op = OPERATORS[token]
         ~~~~~~~~~^^^^^^^
KeyError: '==='

During handling of the above exception, another exception occurred:

Traceback (most recent call last):
  File "C:\Users\Alice\anaconda3\Lib\site-packages\django\core\handlers\exception.py", line 55, in inner
    response = get_response(request)
               ^^^^^^^^^^^^^^^^^^^^^
  File "C:\Users\Alice\anaconda3\Lib\site-packages\django\core\handlers\base.py", line 197, in _get_response
    response = wrapped_callback(request, *callback_args, **callback_kwargs)
               ^^^^^^^^^^^^^^^^^^^^^^^^^^^^^^^^^^^^^^^^^^^^^^^^^^^^^^^^^^^^
  File "F:\2024\pythonWork\blockchain\eadmin\views.py", line 67, in getBidDetails
    return render(request,'e-participant/tenderDetails.html',{'tenderDetails':tenders,'block_list': bl_block, 'participant_info': participant_info})
           ^^^^^^^^^^^^^^^^^^^^^^^^^^^^^^^^^^^^^^^^^^^^^^^^^^^^^^^^^^^^^^^^^^^^^^^^^^^^^^^^^^^^^^^^^^^^^^^^^^^^^^^^^^^^^^^^^^^^^^^^^^^^^^^^^^^^^^^^^
  File "C:\Users\Alice\anaconda3\Lib\site-packages\django\shortcuts.py", line 24, in render
    content = loader.render_to_string(template_name, context, request, using=using)
              ^^^^^^^^^^^^^^^^^^^^^^^^^^^^^^^^^^^^^^^^^^^^^^^^^^^^^^^^^^^^^^^^^^^^^
  File "C:\Users\Alice\anaconda3\Lib\site-packages\django\template\loader.py", line 61, in render_to_string
    template = get_template(template_name, using=using)
               ^^^^^^^^^^^^^^^^^^^^^^^^^^^^^^^^^^^^^^^^
  File "C:\Users\Alice\anaconda3\Lib\site-packages\django\template\loader.py", line 15, in get_template
    return engine.get_template(template_name)
           ^^^^^^^^^^^^^^^^^^^^^^^^^^^^^^^^^^
  File "C:\Users\Alice\anaconda3\Lib\site-packages\django\template\backends\django.py", line 33, in get_template
    return Template(self.engine.get_template(template_name), self)
                    ^^^^^^^^^^^^^^^^^^^^^^^^^^^^^^^^^^^^^^^
  File "C:\Users\Alice\anaconda3\Lib\site-packages\django\template\engine.py", line 175, in get_template
    template, origin = self.find_template(template_name)
                       ^^^^^^^^^^^^^^^^^^^^^^^^^^^^^^^^^
  File "C:\Users\Alice\anaconda3\Lib\site-packages\django\template\engine.py", line 157, in find_template
    template = loader.get_template(name, skip=skip)
               ^^^^^^^^^^^^^^^^^^^^^^^^^^^^^^^^^^^^
  File "C:\Users\Alice\anaconda3\Lib\site-packages\django\template\loaders\cached.py", line 57, in get_template
    template = super().get_template(template_name, skip)
               ^^^^^^^^^^^^^^^^^^^^^^^^^^^^^^^^^^^^^^^^^
  File "C:\Users\Alice\anaconda3\Lib\site-packages\django\template\loaders\base.py", line 28, in get_template
    return Template(
           ^^^^^^^^^
  File "C:\Users\Alice\anaconda3\Lib\site-packages\django\template\base.py", line 154, in __init__
    self.nodelist = self.compile_nodelist()
                    ^^^^^^^^^^^^^^^^^^^^^^^
  File "C:\Users\Alice\anaconda3\Lib\site-packages\django\template\base.py", line 196, in compile_nodelist
    return parser.parse()
           ^^^^^^^^^^^^^^
  File "C:\Users\Alice\anaconda3\Lib\site-packages\django\template\base.py", line 510, in parse
    raise self.error(token, e)
  File "C:\Users\Alice\anaconda3\Lib\site-packages\django\template\base.py", line 508, in parse
    compiled_result = compile_func(self, token)
                      ^^^^^^^^^^^^^^^^^^^^^^^^^
  File "C:\Users\Alice\anaconda3\Lib\site-packages\django\template\loader_tags.py", line 295, in do_extends
    nodelist = parser.parse()
               ^^^^^^^^^^^^^^
  File "C:\Users\Alice\anaconda3\Lib\site-packages\django\template\base.py", line 510, in parse
    raise self.error(token, e)
  File "C:\Users\Alice\anaconda3\Lib\site-packages\django\template\base.py", line 508, in parse
    compiled_result = compile_func(self, token)
                      ^^^^^^^^^^^^^^^^^^^^^^^^^
  File "C:\Users\Alice\anaconda3\Lib\site-packages\django\template\loader_tags.py", line 234, in do_block
    nodelist = parser.parse(("endblock",))
               ^^^^^^^^^^^^^^^^^^^^^^^^^^^
  File "C:\Users\Alice\anaconda3\Lib\site-packages\django\template\base.py", line 510, in parse
    raise self.error(token, e)
  File "C:\Users\Alice\anaconda3\Lib\site-packages\django\template\base.py", line 508, in parse
    compiled_result = compile_func(self, token)
                      ^^^^^^^^^^^^^^^^^^^^^^^^^
  File "C:\Users\Alice\anaconda3\Lib\site-packages\django\template\defaulttags.py", line 860, in do_for
    nodelist_loop = parser.parse(
                    ^^^^^^^^^^^^^
  File "C:\Users\Alice\anaconda3\Lib\site-packages\django\template\base.py", line 510, in parse
    raise self.error(token, e)
  File "C:\Users\Alice\anaconda3\Lib\site-packages\django\template\base.py", line 508, in parse
    compiled_result = compile_func(self, token)
                      ^^^^^^^^^^^^^^^^^^^^^^^^^
  File "C:\Users\Alice\anaconda3\Lib\site-packages\django\template\defaulttags.py", line 959, in do_if
    condition = TemplateIfParser(parser, bits).parse()
                ^^^^^^^^^^^^^^^^^^^^^^^^^^^^^^
  File "C:\Users\Alice\anaconda3\Lib\site-packages\django\template\defaulttags.py", line 892, in __init__
    super().__init__(*args, **kwargs)
  File "C:\Users\Alice\anaconda3\Lib\site-packages\django\template\smartif.py", line 170, in __init__
    mapped_tokens.append(self.translate_token(token))
                         ^^^^^^^^^^^^^^^^^^^^^^^^^^^
  File "C:\Users\Alice\anaconda3\Lib\site-packages\django\template\smartif.py", line 181, in translate_token
    return self.create_var(token)
           ^^^^^^^^^^^^^^^^^^^^^^
  File "C:\Users\Alice\anaconda3\Lib\site-packages\django\template\defaulttags.py", line 895, in create_var
    return TemplateLiteral(self.template_parser.compile_filter(value), value)
                           ^^^^^^^^^^^^^^^^^^^^^^^^^^^^^^^^^^^^^^^^^^
  File "C:\Users\Alice\anaconda3\Lib\site-packages\django\template\base.py", line 597, in compile_filter
    return FilterExpression(token, self)
           ^^^^^^^^^^^^^^^^^^^^^^^^^^^^^
  File "C:\Users\Alice\anaconda3\Lib\site-packages\django\template\base.py", line 698, in __init__
    raise TemplateSyntaxError(
django.template.exceptions.TemplateSyntaxError: Could not parse the remainder: '===' from '==='
tender:tender object (8)
Internal Server Error: /viewBidDetails/8/
Traceback (most recent call last):
  File "C:\Users\Alice\anaconda3\Lib\site-packages\django\template\base.py", line 502, in parse
    compile_func = self.tags[command]
                   ~~~~~~~~~^^^^^^^^^
KeyError: 'endfor'

During handling of the above exception, another exception occurred:

Traceback (most recent call last):
  File "C:\Users\Alice\anaconda3\Lib\site-packages\django\core\handlers\exception.py", line 55, in inner
    response = get_response(request)
               ^^^^^^^^^^^^^^^^^^^^^
  File "C:\Users\Alice\anaconda3\Lib\site-packages\django\core\handlers\base.py", line 197, in _get_response
    response = wrapped_callback(request, *callback_args, **callback_kwargs)
               ^^^^^^^^^^^^^^^^^^^^^^^^^^^^^^^^^^^^^^^^^^^^^^^^^^^^^^^^^^^^
  File "F:\2024\pythonWork\blockchain\eadmin\views.py", line 67, in getBidDetails
    return render(request,'e-participant/tenderDetails.html',{'tenderDetails':tenders,'block_list': bl_block, 'participant_info': participant_info})
           ^^^^^^^^^^^^^^^^^^^^^^^^^^^^^^^^^^^^^^^^^^^^^^^^^^^^^^^^^^^^^^^^^^^^^^^^^^^^^^^^^^^^^^^^^^^^^^^^^^^^^^^^^^^^^^^^^^^^^^^^^^^^^^^^^^^^^^^^^
  File "C:\Users\Alice\anaconda3\Lib\site-packages\django\shortcuts.py", line 24, in render
    content = loader.render_to_string(template_name, context, request, using=using)
              ^^^^^^^^^^^^^^^^^^^^^^^^^^^^^^^^^^^^^^^^^^^^^^^^^^^^^^^^^^^^^^^^^^^^^
  File "C:\Users\Alice\anaconda3\Lib\site-packages\django\template\loader.py", line 61, in render_to_string
    template = get_template(template_name, using=using)
               ^^^^^^^^^^^^^^^^^^^^^^^^^^^^^^^^^^^^^^^^
  File "C:\Users\Alice\anaconda3\Lib\site-packages\django\template\loader.py", line 15, in get_template
    return engine.get_template(template_name)
           ^^^^^^^^^^^^^^^^^^^^^^^^^^^^^^^^^^
  File "C:\Users\Alice\anaconda3\Lib\site-packages\django\template\backends\django.py", line 33, in get_template
    return Template(self.engine.get_template(template_name), self)
                    ^^^^^^^^^^^^^^^^^^^^^^^^^^^^^^^^^^^^^^^
  File "C:\Users\Alice\anaconda3\Lib\site-packages\django\template\engine.py", line 175, in get_template
    template, origin = self.find_template(template_name)
                       ^^^^^^^^^^^^^^^^^^^^^^^^^^^^^^^^^
  File "C:\Users\Alice\anaconda3\Lib\site-packages\django\template\engine.py", line 157, in find_template
    template = loader.get_template(name, skip=skip)
               ^^^^^^^^^^^^^^^^^^^^^^^^^^^^^^^^^^^^
  File "C:\Users\Alice\anaconda3\Lib\site-packages\django\template\loaders\cached.py", line 57, in get_template
    template = super().get_template(template_name, skip)
               ^^^^^^^^^^^^^^^^^^^^^^^^^^^^^^^^^^^^^^^^^
  File "C:\Users\Alice\anaconda3\Lib\site-packages\django\template\loaders\base.py", line 28, in get_template
    return Template(
           ^^^^^^^^^
  File "C:\Users\Alice\anaconda3\Lib\site-packages\django\template\base.py", line 154, in __init__
    self.nodelist = self.compile_nodelist()
                    ^^^^^^^^^^^^^^^^^^^^^^^
  File "C:\Users\Alice\anaconda3\Lib\site-packages\django\template\base.py", line 196, in compile_nodelist
    return parser.parse()
           ^^^^^^^^^^^^^^
  File "C:\Users\Alice\anaconda3\Lib\site-packages\django\template\base.py", line 510, in parse
    raise self.error(token, e)
  File "C:\Users\Alice\anaconda3\Lib\site-packages\django\template\base.py", line 508, in parse
    compiled_result = compile_func(self, token)
                      ^^^^^^^^^^^^^^^^^^^^^^^^^
  File "C:\Users\Alice\anaconda3\Lib\site-packages\django\template\loader_tags.py", line 295, in do_extends
    nodelist = parser.parse()
               ^^^^^^^^^^^^^^
  File "C:\Users\Alice\anaconda3\Lib\site-packages\django\template\base.py", line 510, in parse
    raise self.error(token, e)
  File "C:\Users\Alice\anaconda3\Lib\site-packages\django\template\base.py", line 508, in parse
    compiled_result = compile_func(self, token)
                      ^^^^^^^^^^^^^^^^^^^^^^^^^
  File "C:\Users\Alice\anaconda3\Lib\site-packages\django\template\loader_tags.py", line 234, in do_block
    nodelist = parser.parse(("endblock",))
               ^^^^^^^^^^^^^^^^^^^^^^^^^^^
  File "C:\Users\Alice\anaconda3\Lib\site-packages\django\template\base.py", line 510, in parse
    raise self.error(token, e)
  File "C:\Users\Alice\anaconda3\Lib\site-packages\django\template\base.py", line 508, in parse
    compiled_result = compile_func(self, token)
                      ^^^^^^^^^^^^^^^^^^^^^^^^^
  File "C:\Users\Alice\anaconda3\Lib\site-packages\django\template\defaulttags.py", line 860, in do_for
    nodelist_loop = parser.parse(
                    ^^^^^^^^^^^^^
  File "C:\Users\Alice\anaconda3\Lib\site-packages\django\template\base.py", line 510, in parse
    raise self.error(token, e)
  File "C:\Users\Alice\anaconda3\Lib\site-packages\django\template\base.py", line 508, in parse
    compiled_result = compile_func(self, token)
                      ^^^^^^^^^^^^^^^^^^^^^^^^^
  File "C:\Users\Alice\anaconda3\Lib\site-packages\django\template\defaulttags.py", line 974, in do_if
    nodelist = parser.parse(("endif",))
               ^^^^^^^^^^^^^^^^^^^^^^^^
  File "C:\Users\Alice\anaconda3\Lib\site-packages\django\template\base.py", line 504, in parse
    self.invalid_block_tag(token, command, parse_until)
  File "C:\Users\Alice\anaconda3\Lib\site-packages\django\template\base.py", line 555, in invalid_block_tag
    raise self.error(
django.template.exceptions.TemplateSyntaxError: Invalid block tag on line 22: 'endfor', expected 'endif'. Did you forget to register or load this tag?
tender:tender object (8)
tender:tender object (8)
tender:tender object (8)
tender:tender object (8)
Internal Server Error: /viewBidDetails/8/
Traceback (most recent call last):
  File "C:\Users\Alice\anaconda3\Lib\site-packages\django\template\base.py", line 502, in parse
    compile_func = self.tags[command]
                   ~~~~~~~~~^^^^^^^^^
KeyError: 'break'

During handling of the above exception, another exception occurred:

Traceback (most recent call last):
  File "C:\Users\Alice\anaconda3\Lib\site-packages\django\core\handlers\exception.py", line 55, in inner
    response = get_response(request)
               ^^^^^^^^^^^^^^^^^^^^^
  File "C:\Users\Alice\anaconda3\Lib\site-packages\django\core\handlers\base.py", line 197, in _get_response
    response = wrapped_callback(request, *callback_args, **callback_kwargs)
               ^^^^^^^^^^^^^^^^^^^^^^^^^^^^^^^^^^^^^^^^^^^^^^^^^^^^^^^^^^^^
  File "F:\2024\pythonWork\blockchain\eadmin\views.py", line 67, in getBidDetails
    return render(request,'e-participant/tenderDetails.html',{'tenderDetails':tenders,'block_list': bl_block, 'participant_info': participant_info})
           ^^^^^^^^^^^^^^^^^^^^^^^^^^^^^^^^^^^^^^^^^^^^^^^^^^^^^^^^^^^^^^^^^^^^^^^^^^^^^^^^^^^^^^^^^^^^^^^^^^^^^^^^^^^^^^^^^^^^^^^^^^^^^^^^^^^^^^^^^
  File "C:\Users\Alice\anaconda3\Lib\site-packages\django\shortcuts.py", line 24, in render
    content = loader.render_to_string(template_name, context, request, using=using)
              ^^^^^^^^^^^^^^^^^^^^^^^^^^^^^^^^^^^^^^^^^^^^^^^^^^^^^^^^^^^^^^^^^^^^^
  File "C:\Users\Alice\anaconda3\Lib\site-packages\django\template\loader.py", line 61, in render_to_string
    template = get_template(template_name, using=using)
               ^^^^^^^^^^^^^^^^^^^^^^^^^^^^^^^^^^^^^^^^
  File "C:\Users\Alice\anaconda3\Lib\site-packages\django\template\loader.py", line 15, in get_template
    return engine.get_template(template_name)
           ^^^^^^^^^^^^^^^^^^^^^^^^^^^^^^^^^^
  File "C:\Users\Alice\anaconda3\Lib\site-packages\django\template\backends\django.py", line 33, in get_template
    return Template(self.engine.get_template(template_name), self)
                    ^^^^^^^^^^^^^^^^^^^^^^^^^^^^^^^^^^^^^^^
  File "C:\Users\Alice\anaconda3\Lib\site-packages\django\template\engine.py", line 175, in get_template
    template, origin = self.find_template(template_name)
                       ^^^^^^^^^^^^^^^^^^^^^^^^^^^^^^^^^
  File "C:\Users\Alice\anaconda3\Lib\site-packages\django\template\engine.py", line 157, in find_template
    template = loader.get_template(name, skip=skip)
               ^^^^^^^^^^^^^^^^^^^^^^^^^^^^^^^^^^^^
  File "C:\Users\Alice\anaconda3\Lib\site-packages\django\template\loaders\cached.py", line 57, in get_template
    template = super().get_template(template_name, skip)
               ^^^^^^^^^^^^^^^^^^^^^^^^^^^^^^^^^^^^^^^^^
  File "C:\Users\Alice\anaconda3\Lib\site-packages\django\template\loaders\base.py", line 28, in get_template
    return Template(
           ^^^^^^^^^
  File "C:\Users\Alice\anaconda3\Lib\site-packages\django\template\base.py", line 154, in __init__
    self.nodelist = self.compile_nodelist()
                    ^^^^^^^^^^^^^^^^^^^^^^^
  File "C:\Users\Alice\anaconda3\Lib\site-packages\django\template\base.py", line 196, in compile_nodelist
    return parser.parse()
           ^^^^^^^^^^^^^^
  File "C:\Users\Alice\anaconda3\Lib\site-packages\django\template\base.py", line 510, in parse
    raise self.error(token, e)
  File "C:\Users\Alice\anaconda3\Lib\site-packages\django\template\base.py", line 508, in parse
    compiled_result = compile_func(self, token)
                      ^^^^^^^^^^^^^^^^^^^^^^^^^
  File "C:\Users\Alice\anaconda3\Lib\site-packages\django\template\loader_tags.py", line 295, in do_extends
    nodelist = parser.parse()
               ^^^^^^^^^^^^^^
  File "C:\Users\Alice\anaconda3\Lib\site-packages\django\template\base.py", line 510, in parse
    raise self.error(token, e)
  File "C:\Users\Alice\anaconda3\Lib\site-packages\django\template\base.py", line 508, in parse
    compiled_result = compile_func(self, token)
                      ^^^^^^^^^^^^^^^^^^^^^^^^^
  File "C:\Users\Alice\anaconda3\Lib\site-packages\django\template\loader_tags.py", line 234, in do_block
    nodelist = parser.parse(("endblock",))
               ^^^^^^^^^^^^^^^^^^^^^^^^^^^
  File "C:\Users\Alice\anaconda3\Lib\site-packages\django\template\base.py", line 510, in parse
    raise self.error(token, e)
  File "C:\Users\Alice\anaconda3\Lib\site-packages\django\template\base.py", line 508, in parse
    compiled_result = compile_func(self, token)
                      ^^^^^^^^^^^^^^^^^^^^^^^^^
  File "C:\Users\Alice\anaconda3\Lib\site-packages\django\template\defaulttags.py", line 860, in do_for
    nodelist_loop = parser.parse(
                    ^^^^^^^^^^^^^
  File "C:\Users\Alice\anaconda3\Lib\site-packages\django\template\base.py", line 510, in parse
    raise self.error(token, e)
  File "C:\Users\Alice\anaconda3\Lib\site-packages\django\template\base.py", line 508, in parse
    compiled_result = compile_func(self, token)
                      ^^^^^^^^^^^^^^^^^^^^^^^^^
  File "C:\Users\Alice\anaconda3\Lib\site-packages\django\template\defaulttags.py", line 960, in do_if
    nodelist = parser.parse(("elif", "else", "endif"))
               ^^^^^^^^^^^^^^^^^^^^^^^^^^^^^^^^^^^^^^^
  File "C:\Users\Alice\anaconda3\Lib\site-packages\django\template\base.py", line 504, in parse
    self.invalid_block_tag(token, command, parse_until)
  File "C:\Users\Alice\anaconda3\Lib\site-packages\django\template\base.py", line 555, in invalid_block_tag
    raise self.error(
django.template.exceptions.TemplateSyntaxError: Invalid block tag on line 19: 'break', expected 'elif', 'else' or 'endif'. Did you forget to register or load this tag?
tender:tender object (8)
tender:tender object (8)
tender:tender object (8)
tender:tender object (8)
